{"total": {"lines":{"total":98567,"covered":62212,"skipped":0,"pct":63.11},"statements":{"total":98567,"covered":62212,"skipped":0,"pct":63.11},"functions":{"total":5591,"covered":4536,"skipped":0,"pct":81.13},"branches":{"total":12398,"covered":9759,"skipped":0,"pct":78.71},"branchesTrue":{"total":0,"covered":0,"skipped":0,"pct":100}}
,"/Users/eduardo.torres/Downloads/AgentStudio/src/main/logger.ts": {"lines":{"total":30,"covered":27,"skipped":0,"pct":90},"functions":{"total":17,"covered":10,"skipped":0,"pct":58.82},"statements":{"total":30,"covered":27,"skipped":0,"pct":90},"branches":{"total":18,"covered":14,"skipped":0,"pct":77.77}}
,"/Users/eduardo.torres/Downloads/AgentStudio/src/main/db/base-repository.ts": {"lines":{"total":113,"covered":112,"skipped":0,"pct":99.11},"functions":{"total":17,"covered":17,"skipped":0,"pct":100},"statements":{"total":113,"covered":112,"skipped":0,"pct":99.11},"branches":{"total":26,"covered":21,"skipped":0,"pct":80.76}}
,"/Users/eduardo.torres/Downloads/AgentStudio/src/main/db/json-utils.ts": {"lines":{"total":26,"covered":26,"skipped":0,"pct":100},"functions":{"total":7,"covered":7,"skipped":0,"pct":100},"statements":{"total":26,"covered":26,"skipped":0,"pct":100},"branches":{"total":12,"covered":10,"skipped":0,"pct":83.33}}
,"/Users/eduardo.torres/Downloads/AgentStudio/src/main/db/test-helpers.ts": {"lines":{"total":96,"covered":92,"skipped":0,"pct":95.83},"functions":{"total":11,"covered":11,"skipped":0,"pct":100},"statements":{"total":96,"covered":92,"skipped":0,"pct":95.83},"branches":{"total":24,"covered":17,"skipped":0,"pct":70.83}}
,"/Users/eduardo.torres/Downloads/AgentStudio/src/main/db/repositories/agent-session.repository.ts": {"lines":{"total":312,"covered":304,"skipped":0,"pct":97.43},"functions":{"total":23,"covered":23,"skipped":0,"pct":100},"statements":{"total":312,"covered":304,"skipped":0,"pct":97.43},"branches":{"total":47,"covered":37,"skipped":0,"pct":78.72}}
,"/Users/eduardo.torres/Downloads/AgentStudio/src/main/db/repositories/app-preference.repository.ts": {"lines":{"total":75,"covered":55,"skipped":0,"pct":73.33},"functions":{"total":15,"covered":11,"skipped":0,"pct":73.33},"statements":{"total":75,"covered":55,"skipped":0,"pct":73.33},"branches":{"total":18,"covered":14,"skipped":0,"pct":77.77}}
,"/Users/eduardo.torres/Downloads/AgentStudio/src/main/db/repositories/audit-plan.repository.ts": {"lines":{"total":73,"covered":55,"skipped":0,"pct":75.34},"functions":{"total":13,"covered":10,"skipped":0,"pct":76.92},"statements":{"total":73,"covered":55,"skipped":0,"pct":75.34},"branches":{"total":14,"covered":12,"skipped":0,"pct":85.71}}
,"/Users/eduardo.torres/Downloads/AgentStudio/src/main/db/repositories/audit.repository.ts": {"lines":{"total":325,"covered":320,"skipped":0,"pct":98.46},"functions":{"total":23,"covered":22,"skipped":0,"pct":95.65},"statements":{"total":325,"covered":320,"skipped":0,"pct":98.46},"branches":{"total":52,"covered":46,"skipped":0,"pct":88.46}}
,"/Users/eduardo.torres/Downloads/AgentStudio/src/main/db/repositories/blueprint-event.repository.ts": {"lines":{"total":137,"covered":88,"skipped":0,"pct":64.23},"functions":{"total":16,"covered":9,"skipped":0,"pct":56.25},"statements":{"total":137,"covered":88,"skipped":0,"pct":64.23},"branches":{"total":13,"covered":11,"skipped":0,"pct":84.61}}
,"/Users/eduardo.torres/Downloads/AgentStudio/src/main/db/repositories/blueprint.repository.ts": {"lines":{"total":624,"covered":597,"skipped":0,"pct":95.67},"functions":{"total":53,"covered":52,"skipped":0,"pct":98.11},"statements":{"total":624,"covered":597,"skipped":0,"pct":95.67},"branches":{"total":112,"covered":88,"skipped":0,"pct":78.57}}
,"/Users/eduardo.torres/Downloads/AgentStudio/src/main/db/repositories/bug.repository.ts": {"lines":{"total":239,"covered":236,"skipped":0,"pct":98.74},"functions":{"total":20,"covered":19,"skipped":0,"pct":95},"statements":{"total":239,"covered":236,"skipped":0,"pct":98.74},"branches":{"total":52,"covered":47,"skipped":0,"pct":90.38}}
,"/Users/eduardo.torres/Downloads/AgentStudio/src/main/db/repositories/checkpoint.repository.ts": {"lines":{"total":57,"covered":57,"skipped":0,"pct":100},"functions":{"total":12,"covered":12,"skipped":0,"pct":100},"statements":{"total":57,"covered":57,"skipped":0,"pct":100},"branches":{"total":16,"covered":14,"skipped":0,"pct":87.5}}
,"/Users/eduardo.torres/Downloads/AgentStudio/src/main/db/repositories/chunk-embedding.repository.ts": {"lines":{"total":119,"covered":107,"skipped":0,"pct":89.91},"functions":{"total":19,"covered":17,"skipped":0,"pct":89.47},"statements":{"total":119,"covered":107,"skipped":0,"pct":89.91},"branches":{"total":23,"covered":21,"skipped":0,"pct":91.3}}
,"/Users/eduardo.torres/Downloads/AgentStudio/src/main/db/repositories/code-chunk.repository.ts": {"lines":{"total":192,"covered":80,"skipped":0,"pct":41.66},"functions":{"total":18,"covered":10,"skipped":0,"pct":55.55},"statements":{"total":192,"covered":80,"skipped":0,"pct":41.66},"branches":{"total":14,"covered":12,"skipped":0,"pct":85.71}}
,"/Users/eduardo.torres/Downloads/AgentStudio/src/main/db/repositories/code-graph-edge.repository.ts": {"lines":{"total":378,"covered":237,"skipped":0,"pct":62.69},"functions":{"total":24,"covered":17,"skipped":0,"pct":70.83},"statements":{"total":378,"covered":237,"skipped":0,"pct":62.69},"branches":{"total":34,"covered":30,"skipped":0,"pct":88.23}}
,"/Users/eduardo.torres/Downloads/AgentStudio/src/main/db/repositories/code-graph-rank.repository.ts": {"lines":{"total":106,"covered":101,"skipped":0,"pct":95.28},"functions":{"total":16,"covered":15,"skipped":0,"pct":93.75},"statements":{"total":106,"covered":101,"skipped":0,"pct":95.28},"branches":{"total":24,"covered":22,"skipped":0,"pct":91.66}}
,"/Users/eduardo.torres/Downloads/AgentStudio/src/main/db/repositories/code-graph-tag.repository.ts": {"lines":{"total":280,"covered":192,"skipped":0,"pct":68.57},"functions":{"total":23,"covered":15,"skipped":0,"pct":65.21},"statements":{"total":280,"covered":192,"skipped":0,"pct":68.57},"branches":{"total":33,"covered":29,"skipped":0,"pct":87.87}}
,"/Users/eduardo.torres/Downloads/AgentStudio/src/main/db/repositories/conversation-specialist.repository.ts": {"lines":{"total":150,"covered":88,"skipped":0,"pct":58.66},"functions":{"total":18,"covered":12,"skipped":0,"pct":66.66},"statements":{"total":150,"covered":88,"skipped":0,"pct":58.66},"branches":{"total":18,"covered":14,"skipped":0,"pct":77.77}}
,"/Users/eduardo.torres/Downloads/AgentStudio/src/main/db/repositories/conversation.repository.ts": {"lines":{"total":280,"covered":228,"skipped":0,"pct":81.42},"functions":{"total":33,"covered":23,"skipped":0,"pct":69.69},"statements":{"total":280,"covered":228,"skipped":0,"pct":81.42},"branches":{"total":55,"covered":42,"skipped":0,"pct":76.36}}
,"/Users/eduardo.torres/Downloads/AgentStudio/src/main/db/repositories/core-agent-alias.repository.ts": {"lines":{"total":51,"covered":49,"skipped":0,"pct":96.07},"functions":{"total":13,"covered":12,"skipped":0,"pct":92.3},"statements":{"total":51,"covered":49,"skipped":0,"pct":96.07},"branches":{"total":16,"covered":14,"skipped":0,"pct":87.5}}
,"/Users/eduardo.torres/Downloads/AgentStudio/src/main/db/repositories/core-agent-prompt.repository.ts": {"lines":{"total":98,"covered":90,"skipped":0,"pct":91.83},"functions":{"total":15,"covered":13,"skipped":0,"pct":86.66},"statements":{"total":98,"covered":90,"skipped":0,"pct":91.83},"branches":{"total":21,"covered":16,"skipped":0,"pct":76.19}}
,"/Users/eduardo.torres/Downloads/AgentStudio/src/main/db/repositories/council-session.repository.ts": {"lines":{"total":237,"covered":236,"skipped":0,"pct":99.57},"functions":{"total":22,"covered":21,"skipped":0,"pct":95.45},"statements":{"total":237,"covered":236,"skipped":0,"pct":99.57},"branches":{"total":34,"covered":29,"skipped":0,"pct":85.29}}
,"/Users/eduardo.torres/Downloads/AgentStudio/src/main/db/repositories/e2e-test-result.repository.ts": {"lines":{"total":168,"covered":158,"skipped":0,"pct":94.04},"functions":{"total":18,"covered":18,"skipped":0,"pct":100},"statements":{"total":168,"covered":158,"skipped":0,"pct":94.04},"branches":{"total":38,"covered":36,"skipped":0,"pct":94.73}}
,"/Users/eduardo.torres/Downloads/AgentStudio/src/main/db/repositories/e2e-test-run.repository.ts": {"lines":{"total":157,"covered":113,"skipped":0,"pct":71.97},"functions":{"total":16,"covered":15,"skipped":0,"pct":93.75},"statements":{"total":157,"covered":113,"skipped":0,"pct":71.97},"branches":{"total":22,"covered":18,"skipped":0,"pct":81.81}}
,"/Users/eduardo.torres/Downloads/AgentStudio/src/main/db/repositories/event.repository.ts": {"lines":{"total":134,"covered":134,"skipped":0,"pct":100},"functions":{"total":16,"covered":16,"skipped":0,"pct":100},"statements":{"total":134,"covered":134,"skipped":0,"pct":100},"branches":{"total":28,"covered":26,"skipped":0,"pct":92.85}}
,"/Users/eduardo.torres/Downloads/AgentStudio/src/main/db/repositories/grill-session.repository.ts": {"lines":{"total":288,"covered":207,"skipped":0,"pct":71.87},"functions":{"total":27,"covered":18,"skipped":0,"pct":66.66},"statements":{"total":288,"covered":207,"skipped":0,"pct":71.87},"branches":{"total":25,"covered":21,"skipped":0,"pct":84}}
,"/Users/eduardo.torres/Downloads/AgentStudio/src/main/db/repositories/handoff.repository.ts": {"lines":{"total":243,"covered":142,"skipped":0,"pct":58.43},"functions":{"total":25,"covered":10,"skipped":0,"pct":40},"statements":{"total":243,"covered":142,"skipped":0,"pct":58.43},"branches":{"total":17,"covered":15,"skipped":0,"pct":88.23}}
,"/Users/eduardo.torres/Downloads/AgentStudio/src/main/db/repositories/idea.repository.ts": {"lines":{"total":127,"covered":127,"skipped":0,"pct":100},"functions":{"total":23,"covered":23,"skipped":0,"pct":100},"statements":{"total":127,"covered":127,"skipped":0,"pct":100},"branches":{"total":39,"covered":36,"skipped":0,"pct":92.3}}
,"/Users/eduardo.torres/Downloads/AgentStudio/src/main/db/repositories/library-doc.repository.ts": {"lines":{"total":230,"covered":69,"skipped":0,"pct":30},"functions":{"total":15,"covered":9,"skipped":0,"pct":60},"statements":{"total":230,"covered":69,"skipped":0,"pct":30},"branches":{"total":13,"covered":11,"skipped":0,"pct":84.61}}
,"/Users/eduardo.torres/Downloads/AgentStudio/src/main/db/repositories/memory-fact.repository.ts": {"lines":{"total":821,"covered":503,"skipped":0,"pct":61.26},"functions":{"total":54,"covered":26,"skipped":0,"pct":48.14},"statements":{"total":821,"covered":503,"skipped":0,"pct":61.26},"branches":{"total":58,"covered":39,"skipped":0,"pct":67.24}}
,"/Users/eduardo.torres/Downloads/AgentStudio/src/main/db/repositories/message.repository.ts": {"lines":{"total":140,"covered":128,"skipped":0,"pct":91.42},"functions":{"total":19,"covered":16,"skipped":0,"pct":84.21},"statements":{"total":140,"covered":128,"skipped":0,"pct":91.42},"branches":{"total":30,"covered":26,"skipped":0,"pct":86.66}}
,"/Users/eduardo.torres/Downloads/AgentStudio/src/main/db/repositories/mpa-artifact.repository.ts": {"lines":{"total":77,"covered":48,"skipped":0,"pct":62.33},"functions":{"total":14,"covered":6,"skipped":0,"pct":42.85},"statements":{"total":77,"covered":48,"skipped":0,"pct":62.33},"branches":{"total":10,"covered":8,"skipped":0,"pct":80}}
,"/Users/eduardo.torres/Downloads/AgentStudio/src/main/db/repositories/mpa-campaign.repository.ts": {"lines":{"total":92,"covered":92,"skipped":0,"pct":100},"functions":{"total":16,"covered":15,"skipped":0,"pct":93.75},"statements":{"total":92,"covered":92,"skipped":0,"pct":100},"branches":{"total":21,"covered":18,"skipped":0,"pct":85.71}}
,"/Users/eduardo.torres/Downloads/AgentStudio/src/main/db/repositories/mpa-run.repository.ts": {"lines":{"total":319,"covered":310,"skipped":0,"pct":97.17},"functions":{"total":24,"covered":23,"skipped":0,"pct":95.83},"statements":{"total":319,"covered":310,"skipped":0,"pct":97.17},"branches":{"total":51,"covered":44,"skipped":0,"pct":86.27}}
,"/Users/eduardo.torres/Downloads/AgentStudio/src/main/db/repositories/plan.repository.ts": {"lines":{"total":473,"covered":459,"skipped":0,"pct":97.04},"functions":{"total":31,"covered":29,"skipped":0,"pct":93.54},"statements":{"total":473,"covered":459,"skipped":0,"pct":97.04},"branches":{"total":94,"covered":74,"skipped":0,"pct":78.72}}
,"/Users/eduardo.torres/Downloads/AgentStudio/src/main/db/repositories/skill.repository.ts": {"lines":{"total":213,"covered":213,"skipped":0,"pct":100},"functions":{"total":23,"covered":23,"skipped":0,"pct":100},"statements":{"total":213,"covered":213,"skipped":0,"pct":100},"branches":{"total":50,"covered":46,"skipped":0,"pct":92}}
,"/Users/eduardo.torres/Downloads/AgentStudio/src/main/db/repositories/specialist.repository.ts": {"lines":{"total":337,"covered":327,"skipped":0,"pct":97.03},"functions":{"total":28,"covered":27,"skipped":0,"pct":96.42},"statements":{"total":337,"covered":327,"skipped":0,"pct":97.03},"branches":{"total":67,"covered":60,"skipped":0,"pct":89.55}}
,"/Users/eduardo.torres/Downloads/AgentStudio/src/main/db/repositories/todo.repository.ts": {"lines":{"total":136,"covered":85,"skipped":0,"pct":62.5},"functions":{"total":16,"covered":11,"skipped":0,"pct":68.75},"statements":{"total":136,"covered":85,"skipped":0,"pct":62.5},"branches":{"total":15,"covered":13,"skipped":0,"pct":86.66}}
,"/Users/eduardo.torres/Downloads/AgentStudio/src/main/db/repositories/turn-usage.repository.ts": {"lines":{"total":161,"covered":145,"skipped":0,"pct":90.06},"functions":{"total":17,"covered":15,"skipped":0,"pct":88.23},"statements":{"total":161,"covered":145,"skipped":0,"pct":90.06},"branches":{"total":27,"covered":20,"skipped":0,"pct":74.07}}
,"/Users/eduardo.torres/Downloads/AgentStudio/src/main/db/repositories/usage-log.repository.ts": {"lines":{"total":212,"covered":210,"skipped":0,"pct":99.05},"functions":{"total":17,"covered":16,"skipped":0,"pct":94.11},"statements":{"total":212,"covered":210,"skipped":0,"pct":99.05},"branches":{"total":32,"covered":27,"skipped":0,"pct":84.37}}
,"/Users/eduardo.torres/Downloads/AgentStudio/src/main/db/repositories/user-profile.repository.ts": {"lines":{"total":55,"covered":53,"skipped":0,"pct":96.36},"functions":{"total":13,"covered":12,"skipped":0,"pct":92.3},"statements":{"total":55,"covered":53,"skipped":0,"pct":96.36},"branches":{"total":17,"covered":14,"skipped":0,"pct":82.35}}
,"/Users/eduardo.torres/Downloads/AgentStudio/src/main/db/repositories/workspace.repository.ts": {"lines":{"total":132,"covered":119,"skipped":0,"pct":90.15},"functions":{"total":21,"covered":19,"skipped":0,"pct":90.47},"statements":{"total":132,"covered":119,"skipped":0,"pct":90.15},"branches":{"total":37,"covered":30,"skipped":0,"pct":81.08}}
,"/Users/eduardo.torres/Downloads/AgentStudio/src/main/ipc/agent-lifecycle.ipc.ts": {"lines":{"total":100,"covered":55,"skipped":0,"pct":55},"functions":{"total":7,"covered":7,"skipped":0,"pct":100},"statements":{"total":100,"covered":55,"skipped":0,"pct":55},"branches":{"total":17,"covered":11,"skipped":0,"pct":64.7}}
,"/Users/eduardo.torres/Downloads/AgentStudio/src/main/ipc/agent.ipc.ts": {"lines":{"total":108,"covered":49,"skipped":0,"pct":45.37},"functions":{"total":7,"covered":7,"skipped":0,"pct":100},"statements":{"total":108,"covered":49,"skipped":0,"pct":45.37},"branches":{"total":14,"covered":10,"skipped":0,"pct":71.42}}
,"/Users/eduardo.torres/Downloads/AgentStudio/src/main/ipc/app-preference.ipc.ts": {"lines":{"total":37,"covered":35,"skipped":0,"pct":94.59},"functions":{"total":7,"covered":7,"skipped":0,"pct":100},"statements":{"total":37,"covered":35,"skipped":0,"pct":94.59},"branches":{"total":15,"covered":12,"skipped":0,"pct":80}}
,"/Users/eduardo.torres/Downloads/AgentStudio/src/main/ipc/audit.ipc.ts": {"lines":{"total":1044,"covered":409,"skipped":0,"pct":39.17},"functions":{"total":15,"covered":12,"skipped":0,"pct":80},"statements":{"total":1044,"covered":409,"skipped":0,"pct":39.17},"branches":{"total":54,"covered":29,"skipped":0,"pct":53.7}}
,"/Users/eduardo.torres/Downloads/AgentStudio/src/main/ipc/blueprint-ipc-handlers.ts": {"lines":{"total":106,"covered":75,"skipped":0,"pct":70.75},"functions":{"total":16,"covered":4,"skipped":0,"pct":25},"statements":{"total":106,"covered":75,"skipped":0,"pct":70.75},"branches":{"total":8,"covered":6,"skipped":0,"pct":75}}
,"/Users/eduardo.torres/Downloads/AgentStudio/src/main/ipc/blueprint.ipc.ts": {"lines":{"total":1574,"covered":580,"skipped":0,"pct":36.84},"functions":{"total":18,"covered":14,"skipped":0,"pct":77.77},"statements":{"total":1574,"covered":580,"skipped":0,"pct":36.84},"branches":{"total":40,"covered":28,"skipped":0,"pct":70}}
,"/Users/eduardo.torres/Downloads/AgentStudio/src/main/ipc/bug.ipc.ts": {"lines":{"total":90,"covered":82,"skipped":0,"pct":91.11},"functions":{"total":7,"covered":7,"skipped":0,"pct":100},"statements":{"total":90,"covered":82,"skipped":0,"pct":91.11},"branches":{"total":25,"covered":18,"skipped":0,"pct":72}}
,"/Users/eduardo.torres/Downloads/AgentStudio/src/main/ipc/chat-completion.ipc.ts": {"lines":{"total":374,"covered":101,"skipped":0,"pct":27},"functions":{"total":11,"covered":9,"skipped":0,"pct":81.81},"statements":{"total":374,"covered":101,"skipped":0,"pct":27},"branches":{"total":27,"covered":14,"skipped":0,"pct":51.85}}
,"/Users/eduardo.torres/Downloads/AgentStudio/src/main/ipc/chat-lifecycle.ipc.ts": {"lines":{"total":14,"covered":14,"skipped":0,"pct":100},"functions":{"total":7,"covered":7,"skipped":0,"pct":100},"statements":{"total":14,"covered":14,"skipped":0,"pct":100},"branches":{"total":9,"covered":7,"skipped":0,"pct":77.77}}
,"/Users/eduardo.torres/Downloads/AgentStudio/src/main/ipc/chat-message.ipc.ts": {"lines":{"total":152,"covered":97,"skipped":0,"pct":63.81},"functions":{"total":7,"covered":7,"skipped":0,"pct":100},"statements":{"total":152,"covered":97,"skipped":0,"pct":63.81},"branches":{"total":22,"covered":12,"skipped":0,"pct":54.54}}
,"/Users/eduardo.torres/Downloads/AgentStudio/src/main/ipc/chat-mode.ipc.ts": {"lines":{"total":159,"covered":84,"skipped":0,"pct":52.83},"functions":{"total":7,"covered":7,"skipped":0,"pct":100},"statements":{"total":159,"covered":84,"skipped":0,"pct":52.83},"branches":{"total":20,"covered":12,"skipped":0,"pct":60}}
,"/Users/eduardo.torres/Downloads/AgentStudio/src/main/ipc/chat-protocol.ts": {"lines":{"total":178,"covered":178,"skipped":0,"pct":100},"functions":{"total":15,"covered":15,"skipped":0,"pct":100},"statements":{"total":178,"covered":178,"skipped":0,"pct":100},"branches":{"total":45,"covered":41,"skipped":0,"pct":91.11}}
,"/Users/eduardo.torres/Downloads/AgentStudio/src/main/ipc/chat-shared.ts": {"lines":{"total":75,"covered":29,"skipped":0,"pct":38.66},"functions":{"total":13,"covered":9,"skipped":0,"pct":69.23},"statements":{"total":75,"covered":29,"skipped":0,"pct":38.66},"branches":{"total":13,"covered":11,"skipped":0,"pct":84.61}}
,"/Users/eduardo.torres/Downloads/AgentStudio/src/main/ipc/chat.ipc.ts": {"lines":{"total":32,"covered":32,"skipped":0,"pct":100},"functions":{"total":7,"covered":7,"skipped":0,"pct":100},"statements":{"total":32,"covered":32,"skipped":0,"pct":100},"branches":{"total":10,"covered":8,"skipped":0,"pct":80}}
,"/Users/eduardo.torres/Downloads/AgentStudio/src/main/ipc/checkpoint.ipc.ts": {"lines":{"total":94,"covered":60,"skipped":0,"pct":63.82},"functions":{"total":8,"covered":8,"skipped":0,"pct":100},"statements":{"total":94,"covered":60,"skipped":0,"pct":63.82},"branches":{"total":24,"covered":17,"skipped":0,"pct":70.83}}
,"/Users/eduardo.torres/Downloads/AgentStudio/src/main/ipc/chunk-ack-tracker.ts": {"lines":{"total":124,"covered":62,"skipped":0,"pct":50},"functions":{"total":15,"covered":9,"skipped":0,"pct":60},"statements":{"total":124,"covered":62,"skipped":0,"pct":50},"branches":{"total":16,"covered":11,"skipped":0,"pct":68.75}}
,"/Users/eduardo.torres/Downloads/AgentStudio/src/main/ipc/chunk-router.ts": {"lines":{"total":1032,"covered":820,"skipped":0,"pct":79.45},"functions":{"total":66,"covered":50,"skipped":0,"pct":75.75},"statements":{"total":1032,"covered":820,"skipped":0,"pct":79.45},"branches":{"total":150,"covered":118,"skipped":0,"pct":78.66}}
,"/Users/eduardo.torres/Downloads/AgentStudio/src/main/ipc/code-changes.ipc.ts": {"lines":{"total":224,"covered":86,"skipped":0,"pct":38.39},"functions":{"total":10,"covered":9,"skipped":0,"pct":90},"statements":{"total":224,"covered":86,"skipped":0,"pct":38.39},"branches":{"total":25,"covered":18,"skipped":0,"pct":72}}
,"/Users/eduardo.torres/Downloads/AgentStudio/src/main/ipc/code-graph.ipc.ts": {"lines":{"total":64,"covered":37,"skipped":0,"pct":57.81},"functions":{"total":8,"covered":8,"skipped":0,"pct":100},"statements":{"total":64,"covered":37,"skipped":0,"pct":57.81},"branches":{"total":20,"covered":14,"skipped":0,"pct":70}}
,"/Users/eduardo.torres/Downloads/AgentStudio/src/main/ipc/context-usage-level.ts": {"lines":{"total":43,"covered":43,"skipped":0,"pct":100},"functions":{"total":7,"covered":7,"skipped":0,"pct":100},"statements":{"total":43,"covered":43,"skipped":0,"pct":100},"branches":{"total":26,"covered":24,"skipped":0,"pct":92.3}}
,"/Users/eduardo.torres/Downloads/AgentStudio/src/main/ipc/conversation-crud.ipc.ts": {"lines":{"total":498,"covered":320,"skipped":0,"pct":64.25},"functions":{"total":10,"covered":10,"skipped":0,"pct":100},"statements":{"total":498,"covered":320,"skipped":0,"pct":64.25},"branches":{"total":57,"covered":31,"skipped":0,"pct":54.38}}
,"/Users/eduardo.torres/Downloads/AgentStudio/src/main/ipc/conversation-specialist.ipc.ts": {"lines":{"total":110,"covered":69,"skipped":0,"pct":62.72},"functions":{"total":8,"covered":7,"skipped":0,"pct":87.5},"statements":{"total":110,"covered":69,"skipped":0,"pct":62.72},"branches":{"total":15,"covered":12,"skipped":0,"pct":80}}
,"/Users/eduardo.torres/Downloads/AgentStudio/src/main/ipc/core-agent-alias.ipc.ts": {"lines":{"total":28,"covered":28,"skipped":0,"pct":100},"functions":{"total":7,"covered":7,"skipped":0,"pct":100},"statements":{"total":28,"covered":28,"skipped":0,"pct":100},"branches":{"total":17,"covered":15,"skipped":0,"pct":88.23}}
,"/Users/eduardo.torres/Downloads/AgentStudio/src/main/ipc/core-agent-prompt.ipc.ts": {"lines":{"total":61,"covered":57,"skipped":0,"pct":93.44},"functions":{"total":7,"covered":7,"skipped":0,"pct":100},"statements":{"total":61,"covered":57,"skipped":0,"pct":93.44},"branches":{"total":27,"covered":23,"skipped":0,"pct":85.18}}
,"/Users/eduardo.torres/Downloads/AgentStudio/src/main/ipc/cost.ipc.ts": {"lines":{"total":39,"covered":39,"skipped":0,"pct":100},"functions":{"total":7,"covered":7,"skipped":0,"pct":100},"statements":{"total":39,"covered":39,"skipped":0,"pct":100},"branches":{"total":13,"covered":11,"skipped":0,"pct":84.61}}
,"/Users/eduardo.torres/Downloads/AgentStudio/src/main/ipc/council.ipc.ts": {"lines":{"total":307,"covered":93,"skipped":0,"pct":30.29},"functions":{"total":9,"covered":8,"skipped":0,"pct":88.88},"statements":{"total":307,"covered":93,"skipped":0,"pct":30.29},"branches":{"total":17,"covered":13,"skipped":0,"pct":76.47}}
,"/Users/eduardo.torres/Downloads/AgentStudio/src/main/ipc/docs.ipc.ts": {"lines":{"total":50,"covered":50,"skipped":0,"pct":100},"functions":{"total":7,"covered":7,"skipped":0,"pct":100},"statements":{"total":50,"covered":50,"skipped":0,"pct":100},"branches":{"total":15,"covered":12,"skipped":0,"pct":80}}
,"/Users/eduardo.torres/Downloads/AgentStudio/src/main/ipc/embedding.ipc.ts": {"lines":{"total":116,"covered":77,"skipped":0,"pct":66.37},"functions":{"total":7,"covered":7,"skipped":0,"pct":100},"statements":{"total":116,"covered":77,"skipped":0,"pct":66.37},"branches":{"total":31,"covered":19,"skipped":0,"pct":61.29}}
,"/Users/eduardo.torres/Downloads/AgentStudio/src/main/ipc/encrypt-settings-keys.ts": {"lines":{"total":79,"covered":79,"skipped":0,"pct":100},"functions":{"total":10,"covered":10,"skipped":0,"pct":100},"statements":{"total":79,"covered":79,"skipped":0,"pct":100},"branches":{"total":24,"covered":22,"skipped":0,"pct":91.66}}
,"/Users/eduardo.torres/Downloads/AgentStudio/src/main/ipc/events.ipc.ts": {"lines":{"total":32,"covered":32,"skipped":0,"pct":100},"functions":{"total":7,"covered":7,"skipped":0,"pct":100},"statements":{"total":32,"covered":32,"skipped":0,"pct":100},"branches":{"total":17,"covered":14,"skipped":0,"pct":82.35}}
,"/Users/eduardo.torres/Downloads/AgentStudio/src/main/ipc/github.ipc.ts": {"lines":{"total":40,"covered":40,"skipped":0,"pct":100},"functions":{"total":7,"covered":7,"skipped":0,"pct":100},"statements":{"total":40,"covered":40,"skipped":0,"pct":100},"branches":{"total":13,"covered":11,"skipped":0,"pct":84.61}}
,"/Users/eduardo.torres/Downloads/AgentStudio/src/main/ipc/grill.ipc.ts": {"lines":{"total":544,"covered":331,"skipped":0,"pct":60.84},"functions":{"total":9,"covered":8,"skipped":0,"pct":88.88},"statements":{"total":544,"covered":331,"skipped":0,"pct":60.84},"branches":{"total":65,"covered":30,"skipped":0,"pct":46.15}}
,"/Users/eduardo.torres/Downloads/AgentStudio/src/main/ipc/handoff.ipc.ts": {"lines":{"total":176,"covered":121,"skipped":0,"pct":68.75},"functions":{"total":9,"covered":9,"skipped":0,"pct":100},"statements":{"total":176,"covered":121,"skipped":0,"pct":68.75},"branches":{"total":21,"covered":15,"skipped":0,"pct":71.42}}
,"/Users/eduardo.torres/Downloads/AgentStudio/src/main/ipc/hooks.ipc.ts": {"lines":{"total":20,"covered":20,"skipped":0,"pct":100},"functions":{"total":7,"covered":7,"skipped":0,"pct":100},"statements":{"total":20,"covered":20,"skipped":0,"pct":100},"branches":{"total":12,"covered":9,"skipped":0,"pct":75}}
,"/Users/eduardo.torres/Downloads/AgentStudio/src/main/ipc/idea.ipc.ts": {"lines":{"total":293,"covered":158,"skipped":0,"pct":53.92},"functions":{"total":10,"covered":8,"skipped":0,"pct":80},"statements":{"total":293,"covered":158,"skipped":0,"pct":53.92},"branches":{"total":29,"covered":19,"skipped":0,"pct":65.51}}
,"/Users/eduardo.torres/Downloads/AgentStudio/src/main/ipc/indexing.ipc.ts": {"lines":{"total":150,"covered":68,"skipped":0,"pct":45.33},"functions":{"total":8,"covered":8,"skipped":0,"pct":100},"statements":{"total":150,"covered":68,"skipped":0,"pct":45.33},"branches":{"total":26,"covered":18,"skipped":0,"pct":69.23}}
,"/Users/eduardo.torres/Downloads/AgentStudio/src/main/ipc/insights.ipc.ts": {"lines":{"total":42,"covered":40,"skipped":0,"pct":95.23},"functions":{"total":7,"covered":7,"skipped":0,"pct":100},"statements":{"total":42,"covered":40,"skipped":0,"pct":95.23},"branches":{"total":11,"covered":8,"skipped":0,"pct":72.72}}
,"/Users/eduardo.torres/Downloads/AgentStudio/src/main/ipc/listener-cleanup.ts": {"lines":{"total":113,"covered":97,"skipped":0,"pct":85.84},"functions":{"total":12,"covered":12,"skipped":0,"pct":100},"statements":{"total":113,"covered":97,"skipped":0,"pct":85.84},"branches":{"total":27,"covered":20,"skipped":0,"pct":74.07}}
,"/Users/eduardo.torres/Downloads/AgentStudio/src/main/ipc/log.ipc.ts": {"lines":{"total":34,"covered":34,"skipped":0,"pct":100},"functions":{"total":8,"covered":8,"skipped":0,"pct":100},"statements":{"total":34,"covered":34,"skipped":0,"pct":100},"branches":{"total":23,"covered":19,"skipped":0,"pct":82.6}}
,"/Users/eduardo.torres/Downloads/AgentStudio/src/main/ipc/memory.ipc.ts": {"lines":{"total":539,"covered":469,"skipped":0,"pct":87.01},"functions":{"total":8,"covered":7,"skipped":0,"pct":87.5},"statements":{"total":539,"covered":469,"skipped":0,"pct":87.01},"branches":{"total":79,"covered":46,"skipped":0,"pct":58.22}}
,"/Users/eduardo.torres/Downloads/AgentStudio/src/main/ipc/mpa.ipc.ts": {"lines":{"total":475,"covered":169,"skipped":0,"pct":35.57},"functions":{"total":10,"covered":8,"skipped":0,"pct":80},"statements":{"total":475,"covered":169,"skipped":0,"pct":35.57},"branches":{"total":27,"covered":14,"skipped":0,"pct":51.85}}
,"/Users/eduardo.torres/Downloads/AgentStudio/src/main/ipc/ollama.ipc.ts": {"lines":{"total":90,"covered":88,"skipped":0,"pct":97.77},"functions":{"total":7,"covered":7,"skipped":0,"pct":100},"statements":{"total":90,"covered":88,"skipped":0,"pct":97.77},"branches":{"total":24,"covered":19,"skipped":0,"pct":79.16}}
,"/Users/eduardo.torres/Downloads/AgentStudio/src/main/ipc/permission.ipc.ts": {"lines":{"total":115,"covered":106,"skipped":0,"pct":92.17},"functions":{"total":8,"covered":8,"skipped":0,"pct":100},"statements":{"total":115,"covered":106,"skipped":0,"pct":92.17},"branches":{"total":26,"covered":16,"skipped":0,"pct":61.53}}
,"/Users/eduardo.torres/Downloads/AgentStudio/src/main/ipc/plan.ipc.ts": {"lines":{"total":157,"covered":114,"skipped":0,"pct":72.61},"functions":{"total":8,"covered":8,"skipped":0,"pct":100},"statements":{"total":157,"covered":114,"skipped":0,"pct":72.61},"branches":{"total":22,"covered":16,"skipped":0,"pct":72.72}}
,"/Users/eduardo.torres/Downloads/AgentStudio/src/main/ipc/platform.ipc.ts": {"lines":{"total":19,"covered":19,"skipped":0,"pct":100},"functions":{"total":8,"covered":8,"skipped":0,"pct":100},"statements":{"total":19,"covered":19,"skipped":0,"pct":100},"branches":{"total":14,"covered":10,"skipped":0,"pct":71.42}}
,"/Users/eduardo.torres/Downloads/AgentStudio/src/main/ipc/project-specialist.ipc.ts": {"lines":{"total":301,"covered":89,"skipped":0,"pct":29.56},"functions":{"total":12,"covered":8,"skipped":0,"pct":66.66},"statements":{"total":301,"covered":89,"skipped":0,"pct":29.56},"branches":{"total":15,"covered":11,"skipped":0,"pct":73.33}}
,"/Users/eduardo.torres/Downloads/AgentStudio/src/main/ipc/project.ipc.ts": {"lines":{"total":278,"covered":152,"skipped":0,"pct":54.67},"functions":{"total":10,"covered":9,"skipped":0,"pct":90},"statements":{"total":278,"covered":152,"skipped":0,"pct":54.67},"branches":{"total":31,"covered":16,"skipped":0,"pct":51.61}}
,"/Users/eduardo.torres/Downloads/AgentStudio/src/main/ipc/repo.ipc.ts": {"lines":{"total":61,"covered":49,"skipped":0,"pct":80.32},"functions":{"total":7,"covered":7,"skipped":0,"pct":100},"statements":{"total":61,"covered":49,"skipped":0,"pct":80.32},"branches":{"total":17,"covered":11,"skipped":0,"pct":64.7}}
,"/Users/eduardo.torres/Downloads/AgentStudio/src/main/ipc/resolve-workspace-name.ts": {"lines":{"total":17,"covered":17,"skipped":0,"pct":100},"functions":{"total":7,"covered":7,"skipped":0,"pct":100},"statements":{"total":17,"covered":17,"skipped":0,"pct":100},"branches":{"total":10,"covered":7,"skipped":0,"pct":70}}
,"/Users/eduardo.torres/Downloads/AgentStudio/src/main/ipc/safe-send.ts": {"lines":{"total":35,"covered":35,"skipped":0,"pct":100},"functions":{"total":8,"covered":8,"skipped":0,"pct":100},"statements":{"total":35,"covered":35,"skipped":0,"pct":100},"branches":{"total":18,"covered":14,"skipped":0,"pct":77.77}}
,"/Users/eduardo.torres/Downloads/AgentStudio/src/main/ipc/sdk-control.ipc.ts": {"lines":{"total":168,"covered":107,"skipped":0,"pct":63.69},"functions":{"total":8,"covered":8,"skipped":0,"pct":100},"statements":{"total":168,"covered":107,"skipped":0,"pct":63.69},"branches":{"total":31,"covered":23,"skipped":0,"pct":74.19}}
,"/Users/eduardo.torres/Downloads/AgentStudio/src/main/ipc/session.ipc.ts": {"lines":{"total":148,"covered":100,"skipped":0,"pct":67.56},"functions":{"total":9,"covered":9,"skipped":0,"pct":100},"statements":{"total":148,"covered":100,"skipped":0,"pct":67.56},"branches":{"total":24,"covered":19,"skipped":0,"pct":79.16}}
,"/Users/eduardo.torres/Downloads/AgentStudio/src/main/ipc/shell.ipc.ts": {"lines":{"total":25,"covered":25,"skipped":0,"pct":100},"functions":{"total":8,"covered":8,"skipped":0,"pct":100},"statements":{"total":25,"covered":25,"skipped":0,"pct":100},"branches":{"total":22,"covered":18,"skipped":0,"pct":81.81}}
,"/Users/eduardo.torres/Downloads/AgentStudio/src/main/ipc/skill.ipc.ts": {"lines":{"total":93,"covered":90,"skipped":0,"pct":96.77},"functions":{"total":7,"covered":7,"skipped":0,"pct":100},"statements":{"total":93,"covered":90,"skipped":0,"pct":96.77},"branches":{"total":20,"covered":15,"skipped":0,"pct":75}}
,"/Users/eduardo.torres/Downloads/AgentStudio/src/main/ipc/specialist.ipc.ts": {"lines":{"total":100,"covered":83,"skipped":0,"pct":83},"functions":{"total":7,"covered":7,"skipped":0,"pct":100},"statements":{"total":100,"covered":83,"skipped":0,"pct":83},"branches":{"total":20,"covered":15,"skipped":0,"pct":75}}
,"/Users/eduardo.torres/Downloads/AgentStudio/src/main/ipc/subscription.ipc.ts": {"lines":{"total":27,"covered":25,"skipped":0,"pct":92.59},"functions":{"total":7,"covered":7,"skipped":0,"pct":100},"statements":{"total":27,"covered":25,"skipped":0,"pct":92.59},"branches":{"total":12,"covered":10,"skipped":0,"pct":83.33}}
,"/Users/eduardo.torres/Downloads/AgentStudio/src/main/ipc/sync.ipc.ts": {"lines":{"total":22,"covered":22,"skipped":0,"pct":100},"functions":{"total":7,"covered":7,"skipped":0,"pct":100},"statements":{"total":22,"covered":22,"skipped":0,"pct":100},"branches":{"total":11,"covered":9,"skipped":0,"pct":81.81}}
,"/Users/eduardo.torres/Downloads/AgentStudio/src/main/ipc/testing.ipc.ts": {"lines":{"total":141,"covered":108,"skipped":0,"pct":76.59},"functions":{"total":7,"covered":7,"skipped":0,"pct":100},"statements":{"total":141,"covered":108,"skipped":0,"pct":76.59},"branches":{"total":26,"covered":17,"skipped":0,"pct":65.38}}
,"/Users/eduardo.torres/Downloads/AgentStudio/src/main/ipc/text-delta-batcher.ts": {"lines":{"total":111,"covered":96,"skipped":0,"pct":86.48},"functions":{"total":14,"covered":14,"skipped":0,"pct":100},"statements":{"total":111,"covered":96,"skipped":0,"pct":86.48},"branches":{"total":32,"covered":28,"skipped":0,"pct":87.5}}
,"/Users/eduardo.torres/Downloads/AgentStudio/src/main/ipc/token.ipc.ts": {"lines":{"total":48,"covered":48,"skipped":0,"pct":100},"functions":{"total":7,"covered":7,"skipped":0,"pct":100},"statements":{"total":48,"covered":48,"skipped":0,"pct":100},"branches":{"total":15,"covered":13,"skipped":0,"pct":86.66}}
,"/Users/eduardo.torres/Downloads/AgentStudio/src/main/ipc/tool-chunk-processor.ts": {"lines":{"total":302,"covered":295,"skipped":0,"pct":97.68},"functions":{"total":18,"covered":17,"skipped":0,"pct":94.44},"statements":{"total":302,"covered":295,"skipped":0,"pct":97.68},"branches":{"total":104,"covered":87,"skipped":0,"pct":83.65}}
,"/Users/eduardo.torres/Downloads/AgentStudio/src/main/ipc/tool-error-reporter.ts": {"lines":{"total":44,"covered":15,"skipped":0,"pct":34.09},"functions":{"total":7,"covered":4,"skipped":0,"pct":57.14},"statements":{"total":44,"covered":15,"skipped":0,"pct":34.09},"branches":{"total":6,"covered":4,"skipped":0,"pct":66.66}}
,"/Users/eduardo.torres/Downloads/AgentStudio/src/main/ipc/tool-result-summarizer.ts": {"lines":{"total":308,"covered":274,"skipped":0,"pct":88.96},"functions":{"total":16,"covered":16,"skipped":0,"pct":100},"statements":{"total":308,"covered":274,"skipped":0,"pct":88.96},"branches":{"total":130,"covered":88,"skipped":0,"pct":67.69}}
,"/Users/eduardo.torres/Downloads/AgentStudio/src/main/ipc/update.ipc.ts": {"lines":{"total":33,"covered":33,"skipped":0,"pct":100},"functions":{"total":7,"covered":7,"skipped":0,"pct":100},"statements":{"total":33,"covered":33,"skipped":0,"pct":100},"branches":{"total":14,"covered":12,"skipped":0,"pct":85.71}}
,"/Users/eduardo.torres/Downloads/AgentStudio/src/main/ipc/user-profile.ipc.ts": {"lines":{"total":20,"covered":13,"skipped":0,"pct":65},"functions":{"total":7,"covered":7,"skipped":0,"pct":100},"statements":{"total":20,"covered":13,"skipped":0,"pct":65},"branches":{"total":9,"covered":7,"skipped":0,"pct":77.77}}
,"/Users/eduardo.torres/Downloads/AgentStudio/src/main/ipc/validate-args.ts": {"lines":{"total":148,"covered":148,"skipped":0,"pct":100},"functions":{"total":22,"covered":22,"skipped":0,"pct":100},"statements":{"total":148,"covered":148,"skipped":0,"pct":100},"branches":{"total":67,"covered":65,"skipped":0,"pct":97.01}}
,"/Users/eduardo.torres/Downloads/AgentStudio/src/main/ipc/validate-sender.ts": {"lines":{"total":18,"covered":18,"skipped":0,"pct":100},"functions":{"total":7,"covered":7,"skipped":0,"pct":100},"statements":{"total":18,"covered":18,"skipped":0,"pct":100},"branches":{"total":14,"covered":12,"skipped":0,"pct":85.71}}
,"/Users/eduardo.torres/Downloads/AgentStudio/src/main/ipc/workspace-deploy.ipc.ts": {"lines":{"total":171,"covered":137,"skipped":0,"pct":80.11},"functions":{"total":9,"covered":9,"skipped":0,"pct":100},"statements":{"total":171,"covered":137,"skipped":0,"pct":80.11},"branches":{"total":22,"covered":18,"skipped":0,"pct":81.81}}
,"/Users/eduardo.torres/Downloads/AgentStudio/src/main/ipc/workspace.ipc.ts": {"lines":{"total":338,"covered":155,"skipped":0,"pct":45.85},"functions":{"total":11,"covered":10,"skipped":0,"pct":90.9},"statements":{"total":338,"covered":155,"skipped":0,"pct":45.85},"branches":{"total":41,"covered":24,"skipped":0,"pct":58.53}}
,"/Users/eduardo.torres/Downloads/AgentStudio/src/main/ipc/zoom.ipc.ts": {"lines":{"total":66,"covered":62,"skipped":0,"pct":93.93},"functions":{"total":8,"covered":8,"skipped":0,"pct":100},"statements":{"total":66,"covered":62,"skipped":0,"pct":93.93},"branches":{"total":21,"covered":17,"skipped":0,"pct":80.95}}
,"/Users/eduardo.torres/Downloads/AgentStudio/src/main/mcp-servers/ask-user-registry.ts": {"lines":{"total":48,"covered":48,"skipped":0,"pct":100},"functions":{"total":11,"covered":11,"skipped":0,"pct":100},"statements":{"total":48,"covered":48,"skipped":0,"pct":100},"branches":{"total":16,"covered":14,"skipped":0,"pct":87.5}}
,"/Users/eduardo.torres/Downloads/AgentStudio/src/main/mcp-servers/code-analysis-server.ts": {"lines":{"total":1173,"covered":622,"skipped":0,"pct":53.02},"functions":{"total":33,"covered":11,"skipped":0,"pct":33.33},"statements":{"total":1173,"covered":622,"skipped":0,"pct":53.02},"branches":{"total":20,"covered":17,"skipped":0,"pct":85}}
,"/Users/eduardo.torres/Downloads/AgentStudio/src/main/mcp-servers/code-graph-server.ts": {"lines":{"total":641,"covered":287,"skipped":0,"pct":44.77},"functions":{"total":6,"covered":4,"skipped":0,"pct":66.66},"statements":{"total":641,"covered":287,"skipped":0,"pct":44.77},"branches":{"total":16,"covered":9,"skipped":0,"pct":56.25}}
,"/Users/eduardo.torres/Downloads/AgentStudio/src/main/mcp-servers/memory-server.ts": {"lines":{"total":276,"covered":154,"skipped":0,"pct":55.79},"functions":{"total":6,"covered":4,"skipped":0,"pct":66.66},"statements":{"total":276,"covered":154,"skipped":0,"pct":55.79},"branches":{"total":15,"covered":9,"skipped":0,"pct":60}}
,"/Users/eduardo.torres/Downloads/AgentStudio/src/main/mcp-servers/native-module-check.ts": {"lines":{"total":28,"covered":22,"skipped":0,"pct":78.57},"functions":{"total":7,"covered":7,"skipped":0,"pct":100},"statements":{"total":28,"covered":22,"skipped":0,"pct":78.57},"branches":{"total":10,"covered":7,"skipped":0,"pct":70}}
,"/Users/eduardo.torres/Downloads/AgentStudio/src/main/mcp-servers/output-cap.ts": {"lines":{"total":174,"covered":174,"skipped":0,"pct":100},"functions":{"total":10,"covered":10,"skipped":0,"pct":100},"statements":{"total":174,"covered":174,"skipped":0,"pct":100},"branches":{"total":55,"covered":45,"skipped":0,"pct":81.81}}
,"/Users/eduardo.torres/Downloads/AgentStudio/src/main/mcp-servers/tool-error-handler.ts": {"lines":{"total":41,"covered":41,"skipped":0,"pct":100},"functions":{"total":7,"covered":7,"skipped":0,"pct":100},"statements":{"total":41,"covered":41,"skipped":0,"pct":100},"branches":{"total":11,"covered":8,"skipped":0,"pct":72.72}}
,"/Users/eduardo.torres/Downloads/AgentStudio/src/main/services/agent-base.service.ts": {"lines":{"total":292,"covered":231,"skipped":0,"pct":79.1},"functions":{"total":16,"covered":13,"skipped":0,"pct":81.25},"statements":{"total":292,"covered":231,"skipped":0,"pct":79.1},"branches":{"total":20,"covered":15,"skipped":0,"pct":75}}
,"/Users/eduardo.torres/Downloads/AgentStudio/src/main/services/agent-circuit-breaker.ts": {"lines":{"total":222,"covered":211,"skipped":0,"pct":95.04},"functions":{"total":14,"covered":13,"skipped":0,"pct":92.85},"statements":{"total":222,"covered":211,"skipped":0,"pct":95.04},"branches":{"total":39,"covered":32,"skipped":0,"pct":82.05}}
,"/Users/eduardo.torres/Downloads/AgentStudio/src/main/services/agent-executor-factory.ts": {"lines":{"total":506,"covered":403,"skipped":0,"pct":79.64},"functions":{"total":22,"covered":21,"skipped":0,"pct":95.45},"statements":{"total":506,"covered":403,"skipped":0,"pct":79.64},"branches":{"total":80,"covered":53,"skipped":0,"pct":66.25}}
,"/Users/eduardo.torres/Downloads/AgentStudio/src/main/services/agent-recovery-manager.ts": {"lines":{"total":823,"covered":621,"skipped":0,"pct":75.45},"functions":{"total":22,"covered":21,"skipped":0,"pct":95.45},"statements":{"total":823,"covered":621,"skipped":0,"pct":75.45},"branches":{"total":141,"covered":101,"skipped":0,"pct":71.63}}
,"/Users/eduardo.torres/Downloads/AgentStudio/src/main/services/agent-recovery-nudge.ts": {"lines":{"total":352,"covered":338,"skipped":0,"pct":96.02},"functions":{"total":11,"covered":11,"skipped":0,"pct":100},"statements":{"total":352,"covered":338,"skipped":0,"pct":96.02},"branches":{"total":43,"covered":33,"skipped":0,"pct":76.74}}
,"/Users/eduardo.torres/Downloads/AgentStudio/src/main/services/agent-session-host.ts": {"lines":{"total":163,"covered":162,"skipped":0,"pct":99.38},"functions":{"total":5,"covered":5,"skipped":0,"pct":100},"statements":{"total":163,"covered":162,"skipped":0,"pct":99.38},"branches":{"total":7,"covered":5,"skipped":0,"pct":71.42}}
,"/Users/eduardo.torres/Downloads/AgentStudio/src/main/services/agent-session.service.ts": {"lines":{"total":2357,"covered":1216,"skipped":0,"pct":51.59},"functions":{"total":85,"covered":71,"skipped":0,"pct":83.52},"statements":{"total":2357,"covered":1216,"skipped":0,"pct":51.59},"branches":{"total":202,"covered":154,"skipped":0,"pct":76.23}}
,"/Users/eduardo.torres/Downloads/AgentStudio/src/main/services/agent-stream-processor.ts": {"lines":{"total":548,"covered":333,"skipped":0,"pct":60.76},"functions":{"total":19,"covered":16,"skipped":0,"pct":84.21},"statements":{"total":548,"covered":333,"skipped":0,"pct":60.76},"branches":{"total":69,"covered":52,"skipped":0,"pct":75.36}}
,"/Users/eduardo.torres/Downloads/AgentStudio/src/main/services/agent-sync.service.ts": {"lines":{"total":461,"covered":139,"skipped":0,"pct":30.15},"functions":{"total":21,"covered":15,"skipped":0,"pct":71.42},"statements":{"total":461,"covered":139,"skipped":0,"pct":30.15},"branches":{"total":24,"covered":18,"skipped":0,"pct":75}}
,"/Users/eduardo.torres/Downloads/AgentStudio/src/main/services/agent-token-tracker.ts": {"lines":{"total":246,"covered":185,"skipped":0,"pct":75.2},"functions":{"total":12,"covered":12,"skipped":0,"pct":100},"statements":{"total":246,"covered":185,"skipped":0,"pct":75.2},"branches":{"total":29,"covered":21,"skipped":0,"pct":72.41}}
,"/Users/eduardo.torres/Downloads/AgentStudio/src/main/services/agentic-claude-runner.ts": {"lines":{"total":323,"covered":124,"skipped":0,"pct":38.39},"functions":{"total":16,"covered":5,"skipped":0,"pct":31.25},"statements":{"total":323,"covered":124,"skipped":0,"pct":38.39},"branches":{"total":13,"covered":9,"skipped":0,"pct":69.23}}
,"/Users/eduardo.torres/Downloads/AgentStudio/src/main/services/ask-user-guard.ts": {"lines":{"total":24,"covered":24,"skipped":0,"pct":100},"functions":{"total":8,"covered":8,"skipped":0,"pct":100},"statements":{"total":24,"covered":24,"skipped":0,"pct":100},"branches":{"total":13,"covered":11,"skipped":0,"pct":84.61}}
,"/Users/eduardo.torres/Downloads/AgentStudio/src/main/services/audit-agent.service.ts": {"lines":{"total":887,"covered":283,"skipped":0,"pct":31.9},"functions":{"total":30,"covered":23,"skipped":0,"pct":76.66},"statements":{"total":887,"covered":283,"skipped":0,"pct":31.9},"branches":{"total":58,"covered":48,"skipped":0,"pct":82.75}}
,"/Users/eduardo.torres/Downloads/AgentStudio/src/main/services/audit-coverage-tracker.ts": {"lines":{"total":157,"covered":156,"skipped":0,"pct":99.36},"functions":{"total":14,"covered":14,"skipped":0,"pct":100},"statements":{"total":157,"covered":156,"skipped":0,"pct":99.36},"branches":{"total":45,"covered":41,"skipped":0,"pct":91.11}}
,"/Users/eduardo.torres/Downloads/AgentStudio/src/main/services/audit-discovery.service.ts": {"lines":{"total":267,"covered":262,"skipped":0,"pct":98.12},"functions":{"total":10,"covered":10,"skipped":0,"pct":100},"statements":{"total":267,"covered":262,"skipped":0,"pct":98.12},"branches":{"total":47,"covered":40,"skipped":0,"pct":85.1}}
,"/Users/eduardo.torres/Downloads/AgentStudio/src/main/services/audit-handoff.service.ts": {"lines":{"total":152,"covered":152,"skipped":0,"pct":100},"functions":{"total":12,"covered":12,"skipped":0,"pct":100},"statements":{"total":152,"covered":152,"skipped":0,"pct":100},"branches":{"total":67,"covered":60,"skipped":0,"pct":89.55}}
,"/Users/eduardo.torres/Downloads/AgentStudio/src/main/services/audit-plan-generator.service.ts": {"lines":{"total":202,"covered":80,"skipped":0,"pct":39.6},"functions":{"total":12,"covered":6,"skipped":0,"pct":50},"statements":{"total":202,"covered":80,"skipped":0,"pct":39.6},"branches":{"total":13,"covered":9,"skipped":0,"pct":69.23}}
,"/Users/eduardo.torres/Downloads/AgentStudio/src/main/services/audit-plan-mapper.ts": {"lines":{"total":53,"covered":53,"skipped":0,"pct":100},"functions":{"total":7,"covered":7,"skipped":0,"pct":100},"statements":{"total":53,"covered":53,"skipped":0,"pct":100},"branches":{"total":26,"covered":23,"skipped":0,"pct":88.46}}
,"/Users/eduardo.torres/Downloads/AgentStudio/src/main/services/audit-prompt-templates.ts": {"lines":{"total":143,"covered":143,"skipped":0,"pct":100},"functions":{"total":7,"covered":7,"skipped":0,"pct":100},"statements":{"total":143,"covered":143,"skipped":0,"pct":100},"branches":{"total":16,"covered":14,"skipped":0,"pct":87.5}}
,"/Users/eduardo.torres/Downloads/AgentStudio/src/main/services/audit-response-parser.ts": {"lines":{"total":335,"covered":332,"skipped":0,"pct":99.1},"functions":{"total":20,"covered":20,"skipped":0,"pct":100},"statements":{"total":335,"covered":332,"skipped":0,"pct":99.1},"branches":{"total":99,"covered":86,"skipped":0,"pct":86.86}}
,"/Users/eduardo.torres/Downloads/AgentStudio/src/main/services/auth-provider.ts": {"lines":{"total":58,"covered":30,"skipped":0,"pct":51.72},"functions":{"total":14,"covered":9,"skipped":0,"pct":64.28},"statements":{"total":58,"covered":30,"skipped":0,"pct":51.72},"branches":{"total":16,"covered":12,"skipped":0,"pct":75}}
,"/Users/eduardo.torres/Downloads/AgentStudio/src/main/services/auto-update.service.ts": {"lines":{"total":173,"covered":74,"skipped":0,"pct":42.77},"functions":{"total":17,"covered":15,"skipped":0,"pct":88.23},"statements":{"total":173,"covered":74,"skipped":0,"pct":42.77},"branches":{"total":31,"covered":21,"skipped":0,"pct":67.74}}
,"/Users/eduardo.torres/Downloads/AgentStudio/src/main/services/background-cli-session.ts": {"lines":{"total":533,"covered":394,"skipped":0,"pct":73.92},"functions":{"total":29,"covered":26,"skipped":0,"pct":89.65},"statements":{"total":533,"covered":394,"skipped":0,"pct":73.92},"branches":{"total":63,"covered":41,"skipped":0,"pct":65.07}}
,"/Users/eduardo.torres/Downloads/AgentStudio/src/main/services/blueprint-agent-accumulator.ts": {"lines":{"total":163,"covered":163,"skipped":0,"pct":100},"functions":{"total":15,"covered":15,"skipped":0,"pct":100},"statements":{"total":163,"covered":163,"skipped":0,"pct":100},"branches":{"total":40,"covered":38,"skipped":0,"pct":95}}
,"/Users/eduardo.torres/Downloads/AgentStudio/src/main/services/blueprint-artifact-parsers.ts": {"lines":{"total":156,"covered":152,"skipped":0,"pct":97.43},"functions":{"total":14,"covered":12,"skipped":0,"pct":85.71},"statements":{"total":156,"covered":152,"skipped":0,"pct":97.43},"branches":{"total":64,"covered":58,"skipped":0,"pct":90.62}}
,"/Users/eduardo.torres/Downloads/AgentStudio/src/main/services/blueprint-build.service.ts": {"lines":{"total":1697,"covered":445,"skipped":0,"pct":26.22},"functions":{"total":27,"covered":21,"skipped":0,"pct":77.77},"statements":{"total":1697,"covered":445,"skipped":0,"pct":26.22},"branches":{"total":77,"covered":55,"skipped":0,"pct":71.42}}
,"/Users/eduardo.torres/Downloads/AgentStudio/src/main/services/blueprint-chunk-forwarder.ts": {"lines":{"total":106,"covered":106,"skipped":0,"pct":100},"functions":{"total":7,"covered":7,"skipped":0,"pct":100},"statements":{"total":106,"covered":106,"skipped":0,"pct":100},"branches":{"total":18,"covered":14,"skipped":0,"pct":77.77}}
,"/Users/eduardo.torres/Downloads/AgentStudio/src/main/services/blueprint-document-loader.ts": {"lines":{"total":341,"covered":270,"skipped":0,"pct":79.17},"functions":{"total":21,"covered":19,"skipped":0,"pct":90.47},"statements":{"total":341,"covered":270,"skipped":0,"pct":79.17},"branches":{"total":65,"covered":51,"skipped":0,"pct":78.46}}
,"/Users/eduardo.torres/Downloads/AgentStudio/src/main/services/blueprint-error-reporter.ts": {"lines":{"total":53,"covered":44,"skipped":0,"pct":83.01},"functions":{"total":8,"covered":8,"skipped":0,"pct":100},"statements":{"total":53,"covered":44,"skipped":0,"pct":83.01},"branches":{"total":18,"covered":11,"skipped":0,"pct":61.11}}
,"/Users/eduardo.torres/Downloads/AgentStudio/src/main/services/blueprint-goal-conditions.ts": {"lines":{"total":102,"covered":102,"skipped":0,"pct":100},"functions":{"total":19,"covered":19,"skipped":0,"pct":100},"statements":{"total":102,"covered":102,"skipped":0,"pct":100},"branches":{"total":23,"covered":21,"skipped":0,"pct":91.3}}
,"/Users/eduardo.torres/Downloads/AgentStudio/src/main/services/blueprint-phase-watchdog.ts": {"lines":{"total":147,"covered":127,"skipped":0,"pct":86.39},"functions":{"total":20,"covered":18,"skipped":0,"pct":90},"statements":{"total":147,"covered":127,"skipped":0,"pct":86.39},"branches":{"total":37,"covered":33,"skipped":0,"pct":89.18}}
,"/Users/eduardo.torres/Downloads/AgentStudio/src/main/services/blueprint-plan.service.ts": {"lines":{"total":309,"covered":62,"skipped":0,"pct":20.06},"functions":{"total":13,"covered":12,"skipped":0,"pct":92.3},"statements":{"total":309,"covered":62,"skipped":0,"pct":20.06},"branches":{"total":20,"covered":16,"skipped":0,"pct":80}}
,"/Users/eduardo.torres/Downloads/AgentStudio/src/main/services/blueprint-preflight.service.ts": {"lines":{"total":724,"covered":451,"skipped":0,"pct":62.29},"functions":{"total":30,"covered":29,"skipped":0,"pct":96.66},"statements":{"total":724,"covered":451,"skipped":0,"pct":62.29},"branches":{"total":107,"covered":86,"skipped":0,"pct":80.37}}
,"/Users/eduardo.torres/Downloads/AgentStudio/src/main/services/blueprint-prompt-loader.ts": {"lines":{"total":448,"covered":323,"skipped":0,"pct":72.09},"functions":{"total":25,"covered":18,"skipped":0,"pct":72},"statements":{"total":448,"covered":323,"skipped":0,"pct":72.09},"branches":{"total":78,"covered":69,"skipped":0,"pct":88.46}}
,"/Users/eduardo.torres/Downloads/AgentStudio/src/main/services/blueprint-review.service.ts": {"lines":{"total":368,"covered":97,"skipped":0,"pct":26.35},"functions":{"total":14,"covered":13,"skipped":0,"pct":92.85},"statements":{"total":368,"covered":97,"skipped":0,"pct":26.35},"branches":{"total":34,"covered":30,"skipped":0,"pct":88.23}}
,"/Users/eduardo.torres/Downloads/AgentStudio/src/main/services/blueprint-spec.service.ts": {"lines":{"total":1258,"covered":426,"skipped":0,"pct":33.86},"functions":{"total":30,"covered":27,"skipped":0,"pct":90},"statements":{"total":1258,"covered":426,"skipped":0,"pct":33.86},"branches":{"total":77,"covered":37,"skipped":0,"pct":48.05}}
,"/Users/eduardo.torres/Downloads/AgentStudio/src/main/services/blueprint-state-machine.ts": {"lines":{"total":243,"covered":241,"skipped":0,"pct":99.17},"functions":{"total":20,"covered":20,"skipped":0,"pct":100},"statements":{"total":243,"covered":241,"skipped":0,"pct":99.17},"branches":{"total":44,"covered":40,"skipped":0,"pct":90.9}}
,"/Users/eduardo.torres/Downloads/AgentStudio/src/main/services/blueprint-task-validator.ts": {"lines":{"total":109,"covered":109,"skipped":0,"pct":100},"functions":{"total":9,"covered":9,"skipped":0,"pct":100},"statements":{"total":109,"covered":109,"skipped":0,"pct":100},"branches":{"total":41,"covered":34,"skipped":0,"pct":82.92}}
,"/Users/eduardo.torres/Downloads/AgentStudio/src/main/services/blueprint-task-verification.ts": {"lines":{"total":322,"covered":79,"skipped":0,"pct":24.53},"functions":{"total":13,"covered":4,"skipped":0,"pct":30.76},"statements":{"total":322,"covered":79,"skipped":0,"pct":24.53},"branches":{"total":8,"covered":6,"skipped":0,"pct":75}}
,"/Users/eduardo.torres/Downloads/AgentStudio/src/main/services/blueprint-tasks.service.ts": {"lines":{"total":359,"covered":69,"skipped":0,"pct":19.22},"functions":{"total":14,"covered":12,"skipped":0,"pct":85.71},"statements":{"total":359,"covered":69,"skipped":0,"pct":19.22},"branches":{"total":20,"covered":16,"skipped":0,"pct":80}}
,"/Users/eduardo.torres/Downloads/AgentStudio/src/main/services/blueprint-verify.service.ts": {"lines":{"total":958,"covered":308,"skipped":0,"pct":32.15},"functions":{"total":19,"covered":19,"skipped":0,"pct":100},"statements":{"total":958,"covered":308,"skipped":0,"pct":32.15},"branches":{"total":66,"covered":25,"skipped":0,"pct":37.87}}
,"/Users/eduardo.torres/Downloads/AgentStudio/src/main/services/blueprint.service.ts": {"lines":{"total":1563,"covered":756,"skipped":0,"pct":48.36},"functions":{"total":60,"covered":38,"skipped":0,"pct":63.33},"statements":{"total":1563,"covered":756,"skipped":0,"pct":48.36},"branches":{"total":129,"covered":96,"skipped":0,"pct":74.41}}
,"/Users/eduardo.torres/Downloads/AgentStudio/src/main/services/chat-agent.service.ts": {"lines":{"total":541,"covered":324,"skipped":0,"pct":59.88},"functions":{"total":55,"covered":40,"skipped":0,"pct":72.72},"statements":{"total":541,"covered":324,"skipped":0,"pct":59.88},"branches":{"total":76,"covered":54,"skipped":0,"pct":71.05}}
,"/Users/eduardo.torres/Downloads/AgentStudio/src/main/services/chat-stream.service.ts": {"lines":{"total":1832,"covered":849,"skipped":0,"pct":46.34},"functions":{"total":41,"covered":34,"skipped":0,"pct":82.92},"statements":{"total":1832,"covered":849,"skipped":0,"pct":46.34},"branches":{"total":114,"covered":82,"skipped":0,"pct":71.92}}
,"/Users/eduardo.torres/Downloads/AgentStudio/src/main/services/checkpoint.service.ts": {"lines":{"total":249,"covered":109,"skipped":0,"pct":43.77},"functions":{"total":14,"covered":11,"skipped":0,"pct":78.57},"statements":{"total":249,"covered":109,"skipped":0,"pct":43.77},"branches":{"total":19,"covered":14,"skipped":0,"pct":73.68}}
,"/Users/eduardo.torres/Downloads/AgentStudio/src/main/services/claude-cli-oneshot.ts": {"lines":{"total":56,"covered":42,"skipped":0,"pct":75},"functions":{"total":9,"covered":7,"skipped":0,"pct":77.77},"statements":{"total":56,"covered":42,"skipped":0,"pct":75},"branches":{"total":13,"covered":10,"skipped":0,"pct":76.92}}
,"/Users/eduardo.torres/Downloads/AgentStudio/src/main/services/claude-md-generator.ts": {"lines":{"total":198,"covered":21,"skipped":0,"pct":10.6},"functions":{"total":11,"covered":5,"skipped":0,"pct":45.45},"statements":{"total":198,"covered":21,"skipped":0,"pct":10.6},"branches":{"total":12,"covered":8,"skipped":0,"pct":66.66}}
,"/Users/eduardo.torres/Downloads/AgentStudio/src/main/services/cli-executor.ts": {"lines":{"total":1032,"covered":367,"skipped":0,"pct":35.56},"functions":{"total":26,"covered":17,"skipped":0,"pct":65.38},"statements":{"total":1032,"covered":367,"skipped":0,"pct":35.56},"branches":{"total":33,"covered":25,"skipped":0,"pct":75.75}}
,"/Users/eduardo.torres/Downloads/AgentStudio/src/main/services/cli-mcp-config-writer.ts": {"lines":{"total":325,"covered":237,"skipped":0,"pct":72.92},"functions":{"total":12,"covered":11,"skipped":0,"pct":91.66},"statements":{"total":325,"covered":237,"skipped":0,"pct":72.92},"branches":{"total":37,"covered":26,"skipped":0,"pct":70.27}}
,"/Users/eduardo.torres/Downloads/AgentStudio/src/main/services/code-graph-exclusions.ts": {"lines":{"total":180,"covered":175,"skipped":0,"pct":97.22},"functions":{"total":28,"covered":21,"skipped":0,"pct":75},"statements":{"total":180,"covered":175,"skipped":0,"pct":97.22},"branches":{"total":36,"covered":32,"skipped":0,"pct":88.88}}
,"/Users/eduardo.torres/Downloads/AgentStudio/src/main/services/code-graph.service.ts": {"lines":{"total":1262,"covered":411,"skipped":0,"pct":32.56},"functions":{"total":35,"covered":19,"skipped":0,"pct":54.28},"statements":{"total":1262,"covered":411,"skipped":0,"pct":32.56},"branches":{"total":50,"covered":43,"skipped":0,"pct":86}}
,"/Users/eduardo.torres/Downloads/AgentStudio/src/main/services/compaction-policy.ts": {"lines":{"total":201,"covered":201,"skipped":0,"pct":100},"functions":{"total":15,"covered":15,"skipped":0,"pct":100},"statements":{"total":201,"covered":201,"skipped":0,"pct":100},"branches":{"total":46,"covered":44,"skipped":0,"pct":95.65}}
,"/Users/eduardo.torres/Downloads/AgentStudio/src/main/services/context-budget-auditor.ts": {"lines":{"total":133,"covered":132,"skipped":0,"pct":99.24},"functions":{"total":9,"covered":9,"skipped":0,"pct":100},"statements":{"total":133,"covered":132,"skipped":0,"pct":99.24},"branches":{"total":24,"covered":21,"skipped":0,"pct":87.5}}
,"/Users/eduardo.torres/Downloads/AgentStudio/src/main/services/context-handoff.service.ts": {"lines":{"total":69,"covered":69,"skipped":0,"pct":100},"functions":{"total":9,"covered":9,"skipped":0,"pct":100},"statements":{"total":69,"covered":69,"skipped":0,"pct":100},"branches":{"total":29,"covered":25,"skipped":0,"pct":86.2}}
,"/Users/eduardo.torres/Downloads/AgentStudio/src/main/services/context-management.ts": {"lines":{"total":244,"covered":244,"skipped":0,"pct":100},"functions":{"total":14,"covered":12,"skipped":0,"pct":85.71},"statements":{"total":244,"covered":244,"skipped":0,"pct":100},"branches":{"total":24,"covered":20,"skipped":0,"pct":83.33}}
,"/Users/eduardo.torres/Downloads/AgentStudio/src/main/services/context-window-resolver.ts": {"lines":{"total":121,"covered":121,"skipped":0,"pct":100},"functions":{"total":13,"covered":12,"skipped":0,"pct":92.3},"statements":{"total":121,"covered":121,"skipped":0,"pct":100},"branches":{"total":47,"covered":42,"skipped":0,"pct":89.36}}
,"/Users/eduardo.torres/Downloads/AgentStudio/src/main/services/control-actions.tool.ts": {"lines":{"total":191,"covered":191,"skipped":0,"pct":100},"functions":{"total":7,"covered":7,"skipped":0,"pct":100},"statements":{"total":191,"covered":191,"skipped":0,"pct":100},"branches":{"total":11,"covered":9,"skipped":0,"pct":81.81}}
,"/Users/eduardo.torres/Downloads/AgentStudio/src/main/services/conversation-lifecycle.ts": {"lines":{"total":301,"covered":298,"skipped":0,"pct":99},"functions":{"total":29,"covered":29,"skipped":0,"pct":100},"statements":{"total":301,"covered":298,"skipped":0,"pct":99},"branches":{"total":62,"covered":53,"skipped":0,"pct":85.48}}
,"/Users/eduardo.torres/Downloads/AgentStudio/src/main/services/conversation-state-machine.ts": {"lines":{"total":240,"covered":225,"skipped":0,"pct":93.75},"functions":{"total":20,"covered":19,"skipped":0,"pct":95},"statements":{"total":240,"covered":225,"skipped":0,"pct":93.75},"branches":{"total":61,"covered":53,"skipped":0,"pct":86.88}}
,"/Users/eduardo.torres/Downloads/AgentStudio/src/main/services/cost-tracker.service.ts": {"lines":{"total":264,"covered":185,"skipped":0,"pct":70.07},"functions":{"total":17,"covered":17,"skipped":0,"pct":100},"statements":{"total":264,"covered":185,"skipped":0,"pct":70.07},"branches":{"total":32,"covered":24,"skipped":0,"pct":75}}
,"/Users/eduardo.torres/Downloads/AgentStudio/src/main/services/council-parser.ts": {"lines":{"total":122,"covered":122,"skipped":0,"pct":100},"functions":{"total":13,"covered":13,"skipped":0,"pct":100},"statements":{"total":122,"covered":122,"skipped":0,"pct":100},"branches":{"total":55,"covered":51,"skipped":0,"pct":92.72}}
,"/Users/eduardo.torres/Downloads/AgentStudio/src/main/services/council-persistence.controller.ts": {"lines":{"total":236,"covered":80,"skipped":0,"pct":33.89},"functions":{"total":21,"covered":10,"skipped":0,"pct":47.61},"statements":{"total":236,"covered":80,"skipped":0,"pct":33.89},"branches":{"total":18,"covered":14,"skipped":0,"pct":77.77}}
,"/Users/eduardo.torres/Downloads/AgentStudio/src/main/services/council.service.ts": {"lines":{"total":964,"covered":352,"skipped":0,"pct":36.51},"functions":{"total":28,"covered":20,"skipped":0,"pct":71.42},"statements":{"total":964,"covered":352,"skipped":0,"pct":36.51},"branches":{"total":54,"covered":45,"skipped":0,"pct":83.33}}
,"/Users/eduardo.torres/Downloads/AgentStudio/src/main/services/default-prompts.ts": {"lines":{"total":519,"covered":519,"skipped":0,"pct":100},"functions":{"total":56,"covered":52,"skipped":0,"pct":92.85},"statements":{"total":519,"covered":519,"skipped":0,"pct":100},"branches":{"total":57,"covered":54,"skipped":0,"pct":94.73}}
,"/Users/eduardo.torres/Downloads/AgentStudio/src/main/services/description-cache.service.ts": {"lines":{"total":316,"covered":116,"skipped":0,"pct":36.7},"functions":{"total":22,"covered":9,"skipped":0,"pct":40.9},"statements":{"total":316,"covered":116,"skipped":0,"pct":36.7},"branches":{"total":16,"covered":12,"skipped":0,"pct":75}}
,"/Users/eduardo.torres/Downloads/AgentStudio/src/main/services/docs.service.ts": {"lines":{"total":43,"covered":43,"skipped":0,"pct":100},"functions":{"total":9,"covered":9,"skipped":0,"pct":100},"statements":{"total":43,"covered":43,"skipped":0,"pct":100},"branches":{"total":16,"covered":14,"skipped":0,"pct":87.5}}
,"/Users/eduardo.torres/Downloads/AgentStudio/src/main/services/document-chunker.ts": {"lines":{"total":381,"covered":341,"skipped":0,"pct":89.5},"functions":{"total":13,"covered":13,"skipped":0,"pct":100},"statements":{"total":381,"covered":341,"skipped":0,"pct":89.5},"branches":{"total":80,"covered":69,"skipped":0,"pct":86.25}}
,"/Users/eduardo.torres/Downloads/AgentStudio/src/main/services/document-reader.ts": {"lines":{"total":240,"covered":172,"skipped":0,"pct":71.66},"functions":{"total":16,"covered":14,"skipped":0,"pct":87.5},"statements":{"total":240,"covered":172,"skipped":0,"pct":71.66},"branches":{"total":47,"covered":35,"skipped":0,"pct":74.46}}
,"/Users/eduardo.torres/Downloads/AgentStudio/src/main/services/elicitation.service.ts": {"lines":{"total":62,"covered":62,"skipped":0,"pct":100},"functions":{"total":14,"covered":14,"skipped":0,"pct":100},"statements":{"total":62,"covered":62,"skipped":0,"pct":100},"branches":{"total":28,"covered":24,"skipped":0,"pct":85.71}}
,"/Users/eduardo.torres/Downloads/AgentStudio/src/main/services/env-utils.ts": {"lines":{"total":30,"covered":30,"skipped":0,"pct":100},"functions":{"total":7,"covered":7,"skipped":0,"pct":100},"statements":{"total":30,"covered":30,"skipped":0,"pct":100},"branches":{"total":14,"covered":12,"skipped":0,"pct":85.71}}
,"/Users/eduardo.torres/Downloads/AgentStudio/src/main/services/event-logger.service.ts": {"lines":{"total":422,"covered":416,"skipped":0,"pct":98.57},"functions":{"total":30,"covered":29,"skipped":0,"pct":96.66},"statements":{"total":422,"covered":416,"skipped":0,"pct":98.57},"branches":{"total":43,"covered":37,"skipped":0,"pct":86.04}}
,"/Users/eduardo.torres/Downloads/AgentStudio/src/main/services/file-watcher.handler.ts": {"lines":{"total":99,"covered":14,"skipped":0,"pct":14.14},"functions":{"total":9,"covered":7,"skipped":0,"pct":77.77},"statements":{"total":99,"covered":14,"skipped":0,"pct":14.14},"branches":{"total":14,"covered":10,"skipped":0,"pct":71.42}}
,"/Users/eduardo.torres/Downloads/AgentStudio/src/main/services/file-watcher.service.ts": {"lines":{"total":179,"covered":74,"skipped":0,"pct":41.34},"functions":{"total":15,"covered":7,"skipped":0,"pct":46.66},"statements":{"total":179,"covered":74,"skipped":0,"pct":41.34},"branches":{"total":14,"covered":10,"skipped":0,"pct":71.42}}
,"/Users/eduardo.torres/Downloads/AgentStudio/src/main/services/file.service.ts": {"lines":{"total":75,"covered":56,"skipped":0,"pct":74.66},"functions":{"total":13,"covered":12,"skipped":0,"pct":92.3},"statements":{"total":75,"covered":56,"skipped":0,"pct":74.66},"branches":{"total":20,"covered":14,"skipped":0,"pct":70}}
,"/Users/eduardo.torres/Downloads/AgentStudio/src/main/services/github.service.ts": {"lines":{"total":376,"covered":128,"skipped":0,"pct":34.04},"functions":{"total":23,"covered":14,"skipped":0,"pct":60.86},"statements":{"total":376,"covered":128,"skipped":0,"pct":34.04},"branches":{"total":28,"covered":20,"skipped":0,"pct":71.42}}
,"/Users/eduardo.torres/Downloads/AgentStudio/src/main/services/goal-decomposer.service.ts": {"lines":{"total":236,"covered":197,"skipped":0,"pct":83.47},"functions":{"total":15,"covered":14,"skipped":0,"pct":93.33},"statements":{"total":236,"covered":197,"skipped":0,"pct":83.47},"branches":{"total":48,"covered":36,"skipped":0,"pct":75}}
,"/Users/eduardo.torres/Downloads/AgentStudio/src/main/services/grill-agent.service.ts": {"lines":{"total":332,"covered":124,"skipped":0,"pct":37.34},"functions":{"total":17,"covered":15,"skipped":0,"pct":88.23},"statements":{"total":332,"covered":124,"skipped":0,"pct":37.34},"branches":{"total":46,"covered":35,"skipped":0,"pct":76.08}}
,"/Users/eduardo.torres/Downloads/AgentStudio/src/main/services/grill-persistence.controller.ts": {"lines":{"total":580,"covered":191,"skipped":0,"pct":32.93},"functions":{"total":26,"covered":19,"skipped":0,"pct":73.07},"statements":{"total":580,"covered":191,"skipped":0,"pct":32.93},"branches":{"total":48,"covered":31,"skipped":0,"pct":64.58}}
,"/Users/eduardo.torres/Downloads/AgentStudio/src/main/services/grill-plan-generator.service.ts": {"lines":{"total":421,"covered":219,"skipped":0,"pct":52.01},"functions":{"total":15,"covered":12,"skipped":0,"pct":80},"statements":{"total":421,"covered":219,"skipped":0,"pct":52.01},"branches":{"total":53,"covered":43,"skipped":0,"pct":81.13}}
,"/Users/eduardo.torres/Downloads/AgentStudio/src/main/services/grill-plan-mapper.ts": {"lines":{"total":67,"covered":67,"skipped":0,"pct":100},"functions":{"total":7,"covered":7,"skipped":0,"pct":100},"statements":{"total":67,"covered":67,"skipped":0,"pct":100},"branches":{"total":30,"covered":24,"skipped":0,"pct":80}}
,"/Users/eduardo.torres/Downloads/AgentStudio/src/main/services/handoff-redaction.ts": {"lines":{"total":173,"covered":173,"skipped":0,"pct":100},"functions":{"total":14,"covered":14,"skipped":0,"pct":100},"statements":{"total":173,"covered":173,"skipped":0,"pct":100},"branches":{"total":44,"covered":39,"skipped":0,"pct":88.63}}
,"/Users/eduardo.torres/Downloads/AgentStudio/src/main/services/handoff.service.ts": {"lines":{"total":331,"covered":233,"skipped":0,"pct":70.39},"functions":{"total":23,"covered":12,"skipped":0,"pct":52.17},"statements":{"total":331,"covered":233,"skipped":0,"pct":70.39},"branches":{"total":28,"covered":16,"skipped":0,"pct":57.14}}
,"/Users/eduardo.torres/Downloads/AgentStudio/src/main/services/heuristic-description.service.ts": {"lines":{"total":528,"covered":518,"skipped":0,"pct":98.1},"functions":{"total":18,"covered":18,"skipped":0,"pct":100},"statements":{"total":528,"covered":518,"skipped":0,"pct":98.1},"branches":{"total":81,"covered":72,"skipped":0,"pct":88.88}}
,"/Users/eduardo.torres/Downloads/AgentStudio/src/main/services/hook-engine.service.ts": {"lines":{"total":233,"covered":81,"skipped":0,"pct":34.76},"functions":{"total":13,"covered":12,"skipped":0,"pct":92.3},"statements":{"total":233,"covered":81,"skipped":0,"pct":34.76},"branches":{"total":22,"covered":15,"skipped":0,"pct":68.18}}
,"/Users/eduardo.torres/Downloads/AgentStudio/src/main/services/indexing-diagnostics.ts": {"lines":{"total":40,"covered":40,"skipped":0,"pct":100},"functions":{"total":8,"covered":8,"skipped":0,"pct":100},"statements":{"total":40,"covered":40,"skipped":0,"pct":100},"branches":{"total":17,"covered":13,"skipped":0,"pct":76.47}}
,"/Users/eduardo.torres/Downloads/AgentStudio/src/main/services/intent-detector.ts": {"lines":{"total":151,"covered":147,"skipped":0,"pct":97.35},"functions":{"total":12,"covered":12,"skipped":0,"pct":100},"statements":{"total":151,"covered":147,"skipped":0,"pct":97.35},"branches":{"total":42,"covered":32,"skipped":0,"pct":76.19}}
,"/Users/eduardo.torres/Downloads/AgentStudio/src/main/services/intent-router.ts": {"lines":{"total":75,"covered":69,"skipped":0,"pct":92},"functions":{"total":10,"covered":10,"skipped":0,"pct":100},"statements":{"total":75,"covered":69,"skipped":0,"pct":92},"branches":{"total":18,"covered":13,"skipped":0,"pct":72.22}}
,"/Users/eduardo.torres/Downloads/AgentStudio/src/main/services/ipc-bridge.ts": {"lines":{"total":294,"covered":110,"skipped":0,"pct":37.41},"functions":{"total":18,"covered":8,"skipped":0,"pct":44.44},"statements":{"total":294,"covered":110,"skipped":0,"pct":37.41},"branches":{"total":16,"covered":11,"skipped":0,"pct":68.75}}
,"/Users/eduardo.torres/Downloads/AgentStudio/src/main/services/library-doc.service.ts": {"lines":{"total":504,"covered":169,"skipped":0,"pct":33.53},"functions":{"total":19,"covered":13,"skipped":0,"pct":68.42},"statements":{"total":504,"covered":169,"skipped":0,"pct":33.53},"branches":{"total":37,"covered":28,"skipped":0,"pct":75.67}}
,"/Users/eduardo.torres/Downloads/AgentStudio/src/main/services/local-context-reconstructor.ts": {"lines":{"total":189,"covered":147,"skipped":0,"pct":77.77},"functions":{"total":11,"covered":9,"skipped":0,"pct":81.81},"statements":{"total":189,"covered":147,"skipped":0,"pct":77.77},"branches":{"total":33,"covered":24,"skipped":0,"pct":72.72}}
,"/Users/eduardo.torres/Downloads/AgentStudio/src/main/services/local-embedding.provider.ts": {"lines":{"total":241,"covered":190,"skipped":0,"pct":78.83},"functions":{"total":23,"covered":20,"skipped":0,"pct":86.95},"statements":{"total":241,"covered":190,"skipped":0,"pct":78.83},"branches":{"total":54,"covered":42,"skipped":0,"pct":77.77}}
,"/Users/eduardo.torres/Downloads/AgentStudio/src/main/services/local-plan-state.service.ts": {"lines":{"total":200,"covered":123,"skipped":0,"pct":61.5},"functions":{"total":15,"covered":10,"skipped":0,"pct":66.66},"statements":{"total":200,"covered":123,"skipped":0,"pct":61.5},"branches":{"total":16,"covered":12,"skipped":0,"pct":75}}
,"/Users/eduardo.torres/Downloads/AgentStudio/src/main/services/mcp-server.service.ts": {"lines":{"total":51,"covered":51,"skipped":0,"pct":100},"functions":{"total":9,"covered":9,"skipped":0,"pct":100},"statements":{"total":51,"covered":51,"skipped":0,"pct":100},"branches":{"total":22,"covered":20,"skipped":0,"pct":90.9}}
,"/Users/eduardo.torres/Downloads/AgentStudio/src/main/services/mcp-skip-servers.ts": {"lines":{"total":50,"covered":50,"skipped":0,"pct":100},"functions":{"total":7,"covered":7,"skipped":0,"pct":100},"statements":{"total":50,"covered":50,"skipped":0,"pct":100},"branches":{"total":17,"covered":15,"skipped":0,"pct":88.23}}
,"/Users/eduardo.torres/Downloads/AgentStudio/src/main/services/memory-bootstrap.service.ts": {"lines":{"total":1032,"covered":408,"skipped":0,"pct":39.53},"functions":{"total":31,"covered":20,"skipped":0,"pct":64.51},"statements":{"total":1032,"covered":408,"skipped":0,"pct":39.53},"branches":{"total":81,"covered":48,"skipped":0,"pct":59.25}}
,"/Users/eduardo.torres/Downloads/AgentStudio/src/main/services/memory-consolidation.service.ts": {"lines":{"total":419,"covered":149,"skipped":0,"pct":35.56},"functions":{"total":28,"covered":18,"skipped":0,"pct":64.28},"statements":{"total":419,"covered":149,"skipped":0,"pct":35.56},"branches":{"total":32,"covered":26,"skipped":0,"pct":81.25}}
,"/Users/eduardo.torres/Downloads/AgentStudio/src/main/services/memory-doc-watcher.service.ts": {"lines":{"total":247,"covered":75,"skipped":0,"pct":30.36},"functions":{"total":16,"covered":10,"skipped":0,"pct":62.5},"statements":{"total":247,"covered":75,"skipped":0,"pct":30.36},"branches":{"total":14,"covered":10,"skipped":0,"pct":71.42}}
,"/Users/eduardo.torres/Downloads/AgentStudio/src/main/services/memory-engine.service.ts": {"lines":{"total":1012,"covered":459,"skipped":0,"pct":45.35},"functions":{"total":35,"covered":26,"skipped":0,"pct":74.28},"statements":{"total":1012,"covered":459,"skipped":0,"pct":45.35},"branches":{"total":109,"covered":88,"skipped":0,"pct":80.73}}
,"/Users/eduardo.torres/Downloads/AgentStudio/src/main/services/memory-extraction.service.ts": {"lines":{"total":1060,"covered":530,"skipped":0,"pct":50},"functions":{"total":32,"covered":27,"skipped":0,"pct":84.37},"statements":{"total":1060,"covered":530,"skipped":0,"pct":50},"branches":{"total":90,"covered":49,"skipped":0,"pct":54.44}}
,"/Users/eduardo.torres/Downloads/AgentStudio/src/main/services/memory-graph.ts": {"lines":{"total":133,"covered":131,"skipped":0,"pct":98.49},"functions":{"total":11,"covered":11,"skipped":0,"pct":100},"statements":{"total":133,"covered":131,"skipped":0,"pct":98.49},"branches":{"total":30,"covered":28,"skipped":0,"pct":93.33}}
,"/Users/eduardo.torres/Downloads/AgentStudio/src/main/services/memory-ingestion.service.ts": {"lines":{"total":359,"covered":200,"skipped":0,"pct":55.71},"functions":{"total":16,"covered":13,"skipped":0,"pct":81.25},"statements":{"total":359,"covered":200,"skipped":0,"pct":55.71},"branches":{"total":42,"covered":31,"skipped":0,"pct":73.8}}
,"/Users/eduardo.torres/Downloads/AgentStudio/src/main/services/memory-retrieval.service.ts": {"lines":{"total":322,"covered":170,"skipped":0,"pct":52.79},"functions":{"total":19,"covered":12,"skipped":0,"pct":63.15},"statements":{"total":322,"covered":170,"skipped":0,"pct":52.79},"branches":{"total":28,"covered":20,"skipped":0,"pct":71.42}}
,"/Users/eduardo.torres/Downloads/AgentStudio/src/main/services/mermaid.service.ts": {"lines":{"total":76,"covered":76,"skipped":0,"pct":100},"functions":{"total":11,"covered":10,"skipped":0,"pct":90.9},"statements":{"total":76,"covered":76,"skipped":0,"pct":100},"branches":{"total":17,"covered":11,"skipped":0,"pct":64.7}}
,"/Users/eduardo.torres/Downloads/AgentStudio/src/main/services/mode-permissions.ts": {"lines":{"total":72,"covered":72,"skipped":0,"pct":100},"functions":{"total":7,"covered":7,"skipped":0,"pct":100},"statements":{"total":72,"covered":72,"skipped":0,"pct":100},"branches":{"total":13,"covered":11,"skipped":0,"pct":84.61}}
,"/Users/eduardo.torres/Downloads/AgentStudio/src/main/services/model-config.service.ts": {"lines":{"total":376,"covered":312,"skipped":0,"pct":82.97},"functions":{"total":25,"covered":21,"skipped":0,"pct":84},"statements":{"total":376,"covered":312,"skipped":0,"pct":82.97},"branches":{"total":75,"covered":47,"skipped":0,"pct":62.66}}
,"/Users/eduardo.torres/Downloads/AgentStudio/src/main/services/mpa-artifact-parsers.ts": {"lines":{"total":83,"covered":83,"skipped":0,"pct":100},"functions":{"total":12,"covered":12,"skipped":0,"pct":100},"statements":{"total":83,"covered":83,"skipped":0,"pct":100},"branches":{"total":38,"covered":34,"skipped":0,"pct":89.47}}
,"/Users/eduardo.torres/Downloads/AgentStudio/src/main/services/mpa-campaign.service.ts": {"lines":{"total":327,"covered":92,"skipped":0,"pct":28.13},"functions":{"total":20,"covered":13,"skipped":0,"pct":65},"statements":{"total":327,"covered":92,"skipped":0,"pct":28.13},"branches":{"total":24,"covered":18,"skipped":0,"pct":75}}
,"/Users/eduardo.torres/Downloads/AgentStudio/src/main/services/mpa-goal-conditions.ts": {"lines":{"total":46,"covered":46,"skipped":0,"pct":100},"functions":{"total":11,"covered":11,"skipped":0,"pct":100},"statements":{"total":46,"covered":46,"skipped":0,"pct":100},"branches":{"total":18,"covered":16,"skipped":0,"pct":88.88}}
,"/Users/eduardo.torres/Downloads/AgentStudio/src/main/services/mpa-orchestration.service.ts": {"lines":{"total":963,"covered":330,"skipped":0,"pct":34.26},"functions":{"total":34,"covered":24,"skipped":0,"pct":70.58},"statements":{"total":963,"covered":330,"skipped":0,"pct":34.26},"branches":{"total":70,"covered":52,"skipped":0,"pct":74.28}}
,"/Users/eduardo.torres/Downloads/AgentStudio/src/main/services/mpa-preflight.service.ts": {"lines":{"total":167,"covered":154,"skipped":0,"pct":92.21},"functions":{"total":10,"covered":10,"skipped":0,"pct":100},"statements":{"total":167,"covered":154,"skipped":0,"pct":92.21},"branches":{"total":43,"covered":37,"skipped":0,"pct":86.04}}
,"/Users/eduardo.torres/Downloads/AgentStudio/src/main/services/mpa-prompts.ts": {"lines":{"total":160,"covered":160,"skipped":0,"pct":100},"functions":{"total":11,"covered":11,"skipped":0,"pct":100},"statements":{"total":160,"covered":160,"skipped":0,"pct":100},"branches":{"total":39,"covered":37,"skipped":0,"pct":94.87}}
,"/Users/eduardo.torres/Downloads/AgentStudio/src/main/services/notification.service.ts": {"lines":{"total":253,"covered":124,"skipped":0,"pct":49.01},"functions":{"total":21,"covered":10,"skipped":0,"pct":47.61},"statements":{"total":253,"covered":124,"skipped":0,"pct":49.01},"branches":{"total":21,"covered":15,"skipped":0,"pct":71.42}}
,"/Users/eduardo.torres/Downloads/AgentStudio/src/main/services/ollama-manager.service.ts": {"lines":{"total":315,"covered":251,"skipped":0,"pct":79.68},"functions":{"total":17,"covered":17,"skipped":0,"pct":100},"statements":{"total":315,"covered":251,"skipped":0,"pct":79.68},"branches":{"total":70,"covered":48,"skipped":0,"pct":68.57}}
,"/Users/eduardo.torres/Downloads/AgentStudio/src/main/services/omlx-embedding.service.ts": {"lines":{"total":257,"covered":202,"skipped":0,"pct":78.59},"functions":{"total":17,"covered":16,"skipped":0,"pct":94.11},"statements":{"total":257,"covered":202,"skipped":0,"pct":78.59},"branches":{"total":67,"covered":54,"skipped":0,"pct":80.59}}
,"/Users/eduardo.torres/Downloads/AgentStudio/src/main/services/omlx-manager.service.ts": {"lines":{"total":313,"covered":266,"skipped":0,"pct":84.98},"functions":{"total":16,"covered":16,"skipped":0,"pct":100},"statements":{"total":313,"covered":266,"skipped":0,"pct":84.98},"branches":{"total":71,"covered":53,"skipped":0,"pct":74.64}}
,"/Users/eduardo.torres/Downloads/AgentStudio/src/main/services/one-shot-claude.ts": {"lines":{"total":153,"covered":153,"skipped":0,"pct":100},"functions":{"total":11,"covered":11,"skipped":0,"pct":100},"statements":{"total":153,"covered":153,"skipped":0,"pct":100},"branches":{"total":49,"covered":39,"skipped":0,"pct":79.59}}
,"/Users/eduardo.torres/Downloads/AgentStudio/src/main/services/one-shot-local.ts": {"lines":{"total":173,"covered":73,"skipped":0,"pct":42.19},"functions":{"total":10,"covered":8,"skipped":0,"pct":80},"statements":{"total":173,"covered":73,"skipped":0,"pct":42.19},"branches":{"total":16,"covered":12,"skipped":0,"pct":75}}
,"/Users/eduardo.torres/Downloads/AgentStudio/src/main/services/opencode-agent-writer.ts": {"lines":{"total":519,"covered":110,"skipped":0,"pct":21.19},"functions":{"total":17,"covered":9,"skipped":0,"pct":52.94},"statements":{"total":519,"covered":110,"skipped":0,"pct":21.19},"branches":{"total":17,"covered":13,"skipped":0,"pct":76.47}}
,"/Users/eduardo.torres/Downloads/AgentStudio/src/main/services/opencode-config-writer.ts": {"lines":{"total":818,"covered":705,"skipped":0,"pct":86.18},"functions":{"total":25,"covered":22,"skipped":0,"pct":88},"statements":{"total":818,"covered":705,"skipped":0,"pct":86.18},"branches":{"total":105,"covered":84,"skipped":0,"pct":80}}
,"/Users/eduardo.torres/Downloads/AgentStudio/src/main/services/opencode-event-normalizer.ts": {"lines":{"total":1174,"covered":963,"skipped":0,"pct":82.02},"functions":{"total":44,"covered":30,"skipped":0,"pct":68.18},"statements":{"total":1174,"covered":963,"skipped":0,"pct":82.02},"branches":{"total":231,"covered":188,"skipped":0,"pct":81.38}}
[...]
,"/Users/eduardo.torres/Downloads/AgentStudio/src/main/services/e2e-testing/service-runners/chat-edge.runner.ts": {"lines":{"total":226,"covered":40,"skipped":0,"pct":17.69},"functions":{"total":14,"covered":9,"skipped":0,"pct":64.28},"statements":{"total":226,"covered":40,"skipped":0,"pct":17.69},"branches":{"total":17,"covered":13,"skipped":0,"pct":76.47}}
,"/Users/eduardo.torres/Downloads/AgentStudio/src/main/services/e2e-testing/service-runners/checkpoint.runner.ts": {"lines":{"total":240,"covered":38,"skipped":0,"pct":15.83},"functions":{"total":16,"covered":10,"skipped":0,"pct":62.5},"statements":{"total":240,"covered":38,"skipped":0,"pct":15.83},"branches":{"total":18,"covered":14,"skipped":0,"pct":77.77}}
,"/Users/eduardo.torres/Downloads/AgentStudio/src/main/services/e2e-testing/service-runners/code-intel.runner.ts": {"lines":{"total":125,"covered":20,"skipped":0,"pct":16},"functions":{"total":13,"covered":9,"skipped":0,"pct":69.23},"statements":{"total":125,"covered":20,"skipped":0,"pct":16},"branches":{"total":17,"covered":13,"skipped":0,"pct":76.47}}
,"/Users/eduardo.torres/Downloads/AgentStudio/src/main/services/e2e-testing/service-runners/council.runner.ts": {"lines":{"total":139,"covered":27,"skipped":0,"pct":19.42},"functions":{"total":17,"covered":9,"skipped":0,"pct":52.94},"statements":{"total":139,"covered":27,"skipped":0,"pct":19.42},"branches":{"total":13,"covered":11,"skipped":0,"pct":84.61}}
,"/Users/eduardo.torres/Downloads/AgentStudio/src/main/services/e2e-testing/service-runners/grill.runner.ts": {"lines":{"total":265,"covered":32,"skipped":0,"pct":12.07},"functions":{"total":19,"covered":11,"skipped":0,"pct":57.89},"statements":{"total":265,"covered":32,"skipped":0,"pct":12.07},"branches":{"total":19,"covered":15,"skipped":0,"pct":78.94}}
,"/Users/eduardo.torres/Downloads/AgentStudio/src/main/services/e2e-testing/service-runners/idea.runner.ts": {"lines":{"total":211,"covered":39,"skipped":0,"pct":18.48},"functions":{"total":16,"covered":10,"skipped":0,"pct":62.5},"statements":{"total":211,"covered":39,"skipped":0,"pct":18.48},"branches":{"total":18,"covered":14,"skipped":0,"pct":77.77}}
,"/Users/eduardo.torres/Downloads/AgentStudio/src/main/services/e2e-testing/service-runners/memory.runner.ts": {"lines":{"total":416,"covered":50,"skipped":0,"pct":12.01},"functions":{"total":22,"covered":13,"skipped":0,"pct":59.09},"statements":{"total":416,"covered":50,"skipped":0,"pct":12.01},"branches":{"total":21,"covered":17,"skipped":0,"pct":80.95}}
,"/Users/eduardo.torres/Downloads/AgentStudio/src/main/services/e2e-testing/service-runners/mpa.runner.ts": {"lines":{"total":459,"covered":47,"skipped":0,"pct":10.23},"functions":{"total":25,"covered":14,"skipped":0,"pct":56},"statements":{"total":459,"covered":47,"skipped":0,"pct":10.23},"branches":{"total":22,"covered":18,"skipped":0,"pct":81.81}}
,"/Users/eduardo.torres/Downloads/AgentStudio/src/main/services/e2e-testing/service-runners/specialist.runner.ts": {"lines":{"total":255,"covered":40,"skipped":0,"pct":15.68},"functions":{"total":16,"covered":10,"skipped":0,"pct":62.5},"statements":{"total":255,"covered":40,"skipped":0,"pct":15.68},"branches":{"total":18,"covered":14,"skipped":0,"pct":77.77}}
,"/Users/eduardo.torres/Downloads/AgentStudio/src/main/services/e2e-testing/service-runners/workspace-ops.runner.ts": {"lines":{"total":269,"covered":57,"skipped":0,"pct":21.18},"functions":{"total":20,"covered":12,"skipped":0,"pct":60},"statements":{"total":269,"covered":57,"skipped":0,"pct":21.18},"branches":{"total":20,"covered":16,"skipped":0,"pct":80}}
,"/Users/eduardo.torres/Downloads/AgentStudio/src/main/services/executor-utils/heartbeat-monitor.ts": {"lines":{"total":109,"covered":88,"skipped":0,"pct":80.73},"functions":{"total":14,"covered":14,"skipped":0,"pct":100},"statements":{"total":109,"covered":88,"skipped":0,"pct":80.73},"branches":{"total":21,"covered":19,"skipped":0,"pct":90.47}}
,"/Users/eduardo.torres/Downloads/AgentStudio/src/main/services/executor-utils/stream-normalizer.ts": {"lines":{"total":596,"covered":585,"skipped":0,"pct":98.15},"functions":{"total":7,"covered":7,"skipped":0,"pct":100},"statements":{"total":596,"covered":585,"skipped":0,"pct":98.15},"branches":{"total":164,"covered":156,"skipped":0,"pct":95.12}}
,"/Users/eduardo.torres/Downloads/AgentStudio/src/main/services/executor-utils/telemetry-recorder.ts": {"lines":{"total":70,"covered":69,"skipped":0,"pct":98.57},"functions":{"total":12,"covered":12,"skipped":0,"pct":100},"statements":{"total":70,"covered":69,"skipped":0,"pct":98.57},"branches":{"total":15,"covered":13,"skipped":0,"pct":86.66}}
,"/Users/eduardo.torres/Downloads/AgentStudio/src/main/services/executor-utils/token-accountant.ts": {"lines":{"total":110,"covered":109,"skipped":0,"pct":99.09},"functions":{"total":13,"covered":13,"skipped":0,"pct":100},"statements":{"total":110,"covered":109,"skipped":0,"pct":99.09},"branches":{"total":49,"covered":40,"skipped":0,"pct":81.63}}
,"/Users/eduardo.torres/Downloads/AgentStudio/src/main/services/executor-utils/tool-tracker.ts": {"lines":{"total":113,"covered":105,"skipped":0,"pct":92.92},"functions":{"total":16,"covered":14,"skipped":0,"pct":87.5},"statements":{"total":113,"covered":105,"skipped":0,"pct":92.92},"branches":{"total":29,"covered":26,"skipped":0,"pct":89.65}}
,"/Users/eduardo.torres/Downloads/AgentStudio/src/main/services/handoff-adapters/base.adapter.ts": {"lines":{"total":163,"covered":84,"skipped":0,"pct":51.53},"functions":{"total":18,"covered":8,"skipped":0,"pct":44.44},"statements":{"total":163,"covered":84,"skipped":0,"pct":51.53},"branches":{"total":21,"covered":19,"skipped":0,"pct":90.47}}
,"/Users/eduardo.torres/Downloads/AgentStudio/src/main/services/handoff-adapters/target-adapters.ts": {"lines":{"total":349,"covered":292,"skipped":0,"pct":83.66},"functions":{"total":18,"covered":17,"skipped":0,"pct":94.44},"statements":{"total":349,"covered":292,"skipped":0,"pct":83.66},"branches":{"total":61,"covered":44,"skipped":0,"pct":72.13}}
,"/Users/eduardo.torres/Downloads/AgentStudio/src/main/services/opencode-config-writer/opencode-config-data.ts": {"lines":{"total":187,"covered":183,"skipped":0,"pct":97.86},"functions":{"total":10,"covered":8,"skipped":0,"pct":80},"statements":{"total":187,"covered":183,"skipped":0,"pct":97.86},"branches":{"total":43,"covered":39,"skipped":0,"pct":90.69}}
,"/Users/eduardo.torres/Downloads/AgentStudio/src/main/services/preprocessing/chunk-splitting.ts": {"lines":{"total":51,"covered":51,"skipped":0,"pct":100},"functions":{"total":7,"covered":7,"skipped":0,"pct":100},"statements":{"total":51,"covered":51,"skipped":0,"pct":100},"branches":{"total":17,"covered":15,"skipped":0,"pct":88.23}}
,"/Users/eduardo.torres/Downloads/AgentStudio/src/main/services/preprocessing/file-validation.ts": {"lines":{"total":112,"covered":110,"skipped":0,"pct":98.21},"functions":{"total":9,"covered":9,"skipped":0,"pct":100},"statements":{"total":112,"covered":110,"skipped":0,"pct":98.21},"branches":{"total":23,"covered":19,"skipped":0,"pct":82.6}}
,"/Users/eduardo.torres/Downloads/AgentStudio/src/main/services/preprocessing/import-extraction.ts": {"lines":{"total":58,"covered":55,"skipped":0,"pct":94.82},"functions":{"total":7,"covered":7,"skipped":0,"pct":100},"statements":{"total":58,"covered":55,"skipped":0,"pct":94.82},"branches":{"total":16,"covered":13,"skipped":0,"pct":81.25}}
,"/Users/eduardo.torres/Downloads/AgentStudio/src/main/services/role-adapters/audit.adapter.ts": {"lines":{"total":128,"covered":90,"skipped":0,"pct":70.31},"functions":{"total":15,"covered":14,"skipped":0,"pct":93.33},"statements":{"total":128,"covered":90,"skipped":0,"pct":70.31},"branches":{"total":18,"covered":16,"skipped":0,"pct":88.88}}
,"/Users/eduardo.torres/Downloads/AgentStudio/src/main/services/role-adapters/base.adapter.ts": {"lines":{"total":444,"covered":380,"skipped":0,"pct":85.58},"functions":{"total":33,"covered":28,"skipped":0,"pct":84.84},"statements":{"total":444,"covered":380,"skipped":0,"pct":85.58},"branches":{"total":58,"covered":44,"skipped":0,"pct":75.86}}
,"/Users/eduardo.torres/Downloads/AgentStudio/src/main/services/role-adapters/council-chairman.adapter.ts": {"lines":{"total":222,"covered":89,"skipped":0,"pct":40.09},"functions":{"total":15,"covered":13,"skipped":0,"pct":86.66},"statements":{"total":222,"covered":89,"skipped":0,"pct":40.09},"branches":{"total":16,"covered":14,"skipped":0,"pct":87.5}}
,"/Users/eduardo.torres/Downloads/AgentStudio/src/main/services/role-adapters/council-member.adapter.ts": {"lines":{"total":215,"covered":92,"skipped":0,"pct":42.79},"functions":{"total":16,"covered":14,"skipped":0,"pct":87.5},"statements":{"total":215,"covered":92,"skipped":0,"pct":42.79},"branches":{"total":21,"covered":19,"skipped":0,"pct":90.47}}
,"/Users/eduardo.torres/Downloads/AgentStudio/src/main/services/role-adapters/evaluation-mcp-config.ts": {"lines":{"total":91,"covered":91,"skipped":0,"pct":100},"functions":{"total":9,"covered":9,"skipped":0,"pct":100},"statements":{"total":91,"covered":91,"skipped":0,"pct":100},"branches":{"total":23,"covered":21,"skipped":0,"pct":91.3}}
,"/Users/eduardo.torres/Downloads/AgentStudio/src/main/services/role-adapters/greenfield-grill.adapter.ts": {"lines":{"total":184,"covered":105,"skipped":0,"pct":57.06},"functions":{"total":14,"covered":11,"skipped":0,"pct":78.57},"statements":{"total":184,"covered":105,"skipped":0,"pct":57.06},"branches":{"total":14,"covered":11,"skipped":0,"pct":78.57}}
,"/Users/eduardo.torres/Downloads/AgentStudio/src/main/services/role-adapters/grill-prompt-blocks.ts": {"lines":{"total":103,"covered":103,"skipped":0,"pct":100},"functions":{"total":18,"covered":18,"skipped":0,"pct":100},"statements":{"total":103,"covered":103,"skipped":0,"pct":100},"branches":{"total":25,"covered":23,"skipped":0,"pct":92}}
,"/Users/eduardo.torres/Downloads/AgentStudio/src/main/services/role-adapters/grill.adapter.ts": {"lines":{"total":177,"covered":98,"skipped":0,"pct":55.36},"functions":{"total":15,"covered":13,"skipped":0,"pct":86.66},"statements":{"total":177,"covered":98,"skipped":0,"pct":55.36},"branches":{"total":17,"covered":14,"skipped":0,"pct":82.35}}
,"/Users/eduardo.torres/Downloads/AgentStudio/src/main/services/role-adapters/project-specialist.adapter.ts": {"lines":{"total":437,"covered":331,"skipped":0,"pct":75.74},"functions":{"total":33,"covered":21,"skipped":0,"pct":63.63},"statements":{"total":437,"covered":331,"skipped":0,"pct":75.74},"branches":{"total":45,"covered":25,"skipped":0,"pct":55.55}}
,"/Users/eduardo.torres/Downloads/AgentStudio/src/main/services/role-adapters/blueprint/blueprint-base.adapter.ts": {"lines":{"total":162,"covered":136,"skipped":0,"pct":83.95},"functions":{"total":17,"covered":15,"skipped":0,"pct":88.23},"statements":{"total":162,"covered":136,"skipped":0,"pct":83.95},"branches":{"total":27,"covered":25,"skipped":0,"pct":92.59}}
,"/Users/eduardo.torres/Downloads/AgentStudio/src/main/services/role-adapters/blueprint/blueprint-build.adapter.ts": {"lines":{"total":112,"covered":111,"skipped":0,"pct":99.1},"functions":{"total":13,"covered":13,"skipped":0,"pct":100},"statements":{"total":112,"covered":111,"skipped":0,"pct":99.1},"branches":{"total":24,"covered":22,"skipped":0,"pct":91.66}}
,"/Users/eduardo.torres/Downloads/AgentStudio/src/main/services/role-adapters/blueprint/blueprint-clarify.adapter.ts": {"lines":{"total":38,"covered":35,"skipped":0,"pct":92.1},"functions":{"total":12,"covered":11,"skipped":0,"pct":91.66},"statements":{"total":38,"covered":35,"skipped":0,"pct":92.1},"branches":{"total":13,"covered":11,"skipped":0,"pct":84.61}}
,"/Users/eduardo.torres/Downloads/AgentStudio/src/main/services/role-adapters/blueprint/blueprint-plan.adapter.ts": {"lines":{"total":46,"covered":43,"skipped":0,"pct":93.47},"functions":{"total":12,"covered":11,"skipped":0,"pct":91.66},"statements":{"total":46,"covered":43,"skipped":0,"pct":93.47},"branches":{"total":13,"covered":11,"skipped":0,"pct":84.61}}
,"/Users/eduardo.torres/Downloads/AgentStudio/src/main/services/role-adapters/blueprint/blueprint-review.adapter.ts": {"lines":{"total":48,"covered":24,"skipped":0,"pct":50},"functions":{"total":12,"covered":5,"skipped":0,"pct":41.66},"statements":{"total":48,"covered":24,"skipped":0,"pct":50},"branches":{"total":8,"covered":5,"skipped":0,"pct":62.5}}
,"/Users/eduardo.torres/Downloads/AgentStudio/src/main/services/role-adapters/blueprint/blueprint-specify.adapter.ts": {"lines":{"total":77,"covered":67,"skipped":0,"pct":87.01},"functions":{"total":12,"covered":11,"skipped":0,"pct":91.66},"statements":{"total":77,"covered":67,"skipped":0,"pct":87.01},"branches":{"total":17,"covered":14,"skipped":0,"pct":82.35}}
,"/Users/eduardo.torres/Downloads/AgentStudio/src/main/services/role-adapters/blueprint/blueprint-tasks.adapter.ts": {"lines":{"total":48,"covered":45,"skipped":0,"pct":93.75},"functions":{"total":12,"covered":11,"skipped":0,"pct":91.66},"statements":{"total":48,"covered":45,"skipped":0,"pct":93.75},"branches":{"total":13,"covered":11,"skipped":0,"pct":84.61}}
,"/Users/eduardo.torres/Downloads/AgentStudio/src/main/services/role-adapters/blueprint/blueprint-verify.adapter.ts": {"lines":{"total":99,"covered":96,"skipped":0,"pct":96.96},"functions":{"total":13,"covered":12,"skipped":0,"pct":92.3},"statements":{"total":99,"covered":96,"skipped":0,"pct":96.96},"branches":{"total":20,"covered":18,"skipped":0,"pct":90}}
,"/Users/eduardo.torres/Downloads/AgentStudio/src/main/services/role-adapters/mpa/mpa-base.adapter.ts": {"lines":{"total":149,"covered":121,"skipped":0,"pct":81.2},"functions":{"total":18,"covered":15,"skipped":0,"pct":83.33},"statements":{"total":149,"covered":121,"skipped":0,"pct":81.2},"branches":{"total":25,"covered":23,"skipped":0,"pct":92}}
,"/Users/eduardo.torres/Downloads/AgentStudio/src/main/services/role-adapters/mpa/mpa-builder.adapter.ts": {"lines":{"total":94,"covered":79,"skipped":0,"pct":84.04},"functions":{"total":13,"covered":12,"skipped":0,"pct":92.3},"statements":{"total":94,"covered":79,"skipped":0,"pct":84.04},"branches":{"total":21,"covered":19,"skipped":0,"pct":90.47}}
,"/Users/eduardo.torres/Downloads/AgentStudio/src/main/services/role-adapters/mpa/mpa-planner.adapter.ts": {"lines":{"total":53,"covered":42,"skipped":0,"pct":79.24},"functions":{"total":11,"covered":10,"skipped":0,"pct":90.9},"statements":{"total":53,"covered":42,"skipped":0,"pct":79.24},"branches":{"total":15,"covered":13,"skipped":0,"pct":86.66}}
,"/Users/eduardo.torres/Downloads/AgentStudio/src/main/services/role-adapters/mpa/mpa-verifier.adapter.ts": {"lines":{"total":83,"covered":73,"skipped":0,"pct":87.95},"functions":{"total":12,"covered":11,"skipped":0,"pct":91.66},"statements":{"total":83,"covered":73,"skipped":0,"pct":87.95},"branches":{"total":16,"covered":11,"skipped":0,"pct":68.75}}
,"/Users/eduardo.torres/Downloads/AgentStudio/src/main/services/workspace-deploy/parsing-utils.ts": {"lines":{"total":125,"covered":125,"skipped":0,"pct":100},"functions":{"total":11,"covered":11,"skipped":0,"pct":100},"statements":{"total":125,"covered":125,"skipped":0,"pct":100},"branches":{"total":55,"covered":52,"skipped":0,"pct":94.54}}
,"/Users/eduardo.torres/Downloads/AgentStudio/src/renderer/src/components/workspace/grill/handoff-utils.ts": {"lines":{"total":20,"covered":20,"skipped":0,"pct":100},"functions":{"total":7,"covered":7,"skipped":0,"pct":100},"statements":{"total":20,"covered":20,"skipped":0,"pct":100},"branches":{"total":15,"covered":13,"skipped":0,"pct":86.66}}
,"/Users/eduardo.torres/Downloads/AgentStudio/src/renderer/src/store/chat-action-utils.ts": {"lines":{"total":269,"covered":146,"skipped":0,"pct":54.27},"functions":{"total":21,"covered":7,"skipped":0,"pct":33.33},"statements":{"total":269,"covered":146,"skipped":0,"pct":54.27},"branches":{"total":18,"covered":16,"skipped":0,"pct":88.88}}
,"/Users/eduardo.torres/Downloads/AgentStudio/src/renderer/src/utils/sentence-buffer.ts": {"lines":{"total":152,"covered":135,"skipped":0,"pct":88.81},"functions":{"total":16,"covered":15,"skipped":0,"pct":93.75},"statements":{"total":152,"covered":135,"skipped":0,"pct":88.81},"branches":{"total":35,"covered":26,"skipped":0,"pct":74.28}}
,"/Users/eduardo.torres/Downloads/AgentStudio/src/shared/blueprint-artifact-parsers.ts": {"lines":{"total":50,"covered":48,"skipped":0,"pct":96},"functions":{"total":9,"covered":9,"skipped":0,"pct":100},"statements":{"total":50,"covered":48,"skipped":0,"pct":96},"branches":{"total":19,"covered":16,"skipped":0,"pct":84.21}}
,"/Users/eduardo.torres/Downloads/AgentStudio/src/shared/blueprint-clarify-parsers.ts": {"lines":{"total":319,"covered":313,"skipped":0,"pct":98.11},"functions":{"total":21,"covered":21,"skipped":0,"pct":100},"statements":{"total":319,"covered":313,"skipped":0,"pct":98.11},"branches":{"total":66,"covered":58,"skipped":0,"pct":87.87}}
,"/Users/eduardo.torres/Downloads/AgentStudio/src/shared/blueprint-hydration-helpers.ts": {"lines":{"total":67,"covered":67,"skipped":0,"pct":100},"functions":{"total":9,"covered":9,"skipped":0,"pct":100},"statements":{"total":67,"covered":67,"skipped":0,"pct":100},"branches":{"total":25,"covered":23,"skipped":0,"pct":92}}
,"/Users/eduardo.torres/Downloads/AgentStudio/src/shared/blueprint-journal-mapper.ts": {"lines":{"total":243,"covered":240,"skipped":0,"pct":98.76},"functions":{"total":8,"covered":8,"skipped":0,"pct":100},"statements":{"total":243,"covered":240,"skipped":0,"pct":98.76},"branches":{"total":69,"covered":52,"skipped":0,"pct":75.36}}
,"/Users/eduardo.torres/Downloads/AgentStudio/src/shared/blueprint-types.ts": {"lines":{"total":325,"covered":324,"skipped":0,"pct":99.69},"functions":{"total":6,"covered":6,"skipped":0,"pct":100},"statements":{"total":325,"covered":324,"skipped":0,"pct":99.69},"branches":{"total":10,"covered":8,"skipped":0,"pct":80}}
,"/Users/eduardo.torres/Downloads/AgentStudio/src/shared/blueprint-verify-banner-helpers.ts": {"lines":{"total":22,"covered":22,"skipped":0,"pct":100},"functions":{"total":7,"covered":7,"skipped":0,"pct":100},"statements":{"total":22,"covered":22,"skipped":0,"pct":100},"branches":{"total":12,"covered":10,"skipped":0,"pct":83.33}}
,"/Users/eduardo.torres/Downloads/AgentStudio/src/shared/constants.ts": {"lines":{"total":2432,"covered":2422,"skipped":0,"pct":99.58},"functions":{"total":60,"covered":59,"skipped":0,"pct":98.33},"statements":{"total":2432,"covered":2422,"skipped":0,"pct":99.58},"branches":{"total":96,"covered":93,"skipped":0,"pct":96.87}}
,"/Users/eduardo.torres/Downloads/AgentStudio/src/shared/handoff-types.ts": {"lines":{"total":188,"covered":188,"skipped":0,"pct":100},"functions":{"total":8,"covered":6,"skipped":0,"pct":75},"statements":{"total":188,"covered":188,"skipped":0,"pct":100},"branches":{"total":10,"covered":8,"skipped":0,"pct":80}}
,"/Users/eduardo.torres/Downloads/AgentStudio/src/shared/mermaid-sanitizers.ts": {"lines":{"total":121,"covered":105,"skipped":0,"pct":86.77},"functions":{"total":14,"covered":14,"skipped":0,"pct":100},"statements":{"total":121,"covered":105,"skipped":0,"pct":86.77},"branches":{"total":19,"covered":17,"skipped":0,"pct":89.47}}
,"/Users/eduardo.torres/Downloads/AgentStudio/src/shared/opencode-cli-path.ts": {"lines":{"total":217,"covered":167,"skipped":0,"pct":76.95},"functions":{"total":19,"covered":16,"skipped":0,"pct":84.21},"statements":{"total":217,"covered":167,"skipped":0,"pct":76.95},"branches":{"total":37,"covered":22,"skipped":0,"pct":59.45}}
,"/Users/eduardo.torres/Downloads/AgentStudio/src/shared/plan-tasks.ts": {"lines":{"total":188,"covered":158,"skipped":0,"pct":84.04},"functions":{"total":15,"covered":10,"skipped":0,"pct":66.66},"statements":{"total":188,"covered":158,"skipped":0,"pct":84.04},"branches":{"total":30,"covered":21,"skipped":0,"pct":70}}
}
